H1, 2017-07-16 22:01:42,152     INFO Path: examples_result/compare/regression_simulation
H1, 2017-07-16 22:01:42,153     INFO X shape: 30000, 1000
H1, 2017-07-16 22:01:42,154     INFO y shape: 30000
H1, 2017-07-16 22:01:42,154     INFO train size: 29400.00
H1, 2017-07-16 22:01:42,154     INFO  training SGD
H1, 2017-07-16 22:01:42,155     INFO   rounds 1 / 2
H1, 2017-07-16 22:01:42,167     INFO    iter 1 / 49
H1, 2017-07-16 22:01:42,178     INFO    iter 2 / 49
H1, 2017-07-16 22:01:42,194     INFO    iter 3 / 49
H1, 2017-07-16 22:01:42,208     INFO    iter 4 / 49
H1, 2017-07-16 22:01:42,221     INFO    iter 5 / 49
H1, 2017-07-16 22:01:42,230     INFO    iter 6 / 49
H1, 2017-07-16 22:01:42,238     INFO    iter 7 / 49
H1, 2017-07-16 22:01:42,246     INFO    iter 8 / 49
H1, 2017-07-16 22:01:42,255     INFO    iter 9 / 49
H1, 2017-07-16 22:01:42,266     INFO    iter 10 / 49
H1, 2017-07-16 22:01:42,276     INFO    iter 11 / 49
H1, 2017-07-16 22:01:42,286     INFO    iter 12 / 49
H1, 2017-07-16 22:01:42,295     INFO    iter 13 / 49
H1, 2017-07-16 22:01:42,304     INFO    iter 14 / 49
H1, 2017-07-16 22:01:42,312     INFO    iter 15 / 49
H1, 2017-07-16 22:01:42,321     INFO    iter 16 / 49
H1, 2017-07-16 22:01:42,329     INFO    iter 17 / 49
H1, 2017-07-16 22:01:42,337     INFO    iter 18 / 49
H1, 2017-07-16 22:01:42,345     INFO    iter 19 / 49
H1, 2017-07-16 22:01:42,352     INFO    iter 20 / 49
H1, 2017-07-16 22:01:42,360     INFO    iter 21 / 49
H1, 2017-07-16 22:01:42,367     INFO    iter 22 / 49
H1, 2017-07-16 22:01:42,374     INFO    iter 23 / 49
H1, 2017-07-16 22:01:42,381     INFO    iter 24 / 49
H1, 2017-07-16 22:01:42,388     INFO    iter 25 / 49
H1, 2017-07-16 22:01:42,395     INFO    iter 26 / 49
H1, 2017-07-16 22:01:42,402     INFO    iter 27 / 49
H1, 2017-07-16 22:01:42,409     INFO    iter 28 / 49
H1, 2017-07-16 22:01:42,416     INFO    iter 29 / 49
H1, 2017-07-16 22:01:42,423     INFO    iter 30 / 49
H1, 2017-07-16 22:01:42,429     INFO    iter 31 / 49
H1, 2017-07-16 22:01:42,436     INFO    iter 32 / 49
H1, 2017-07-16 22:01:42,443     INFO    iter 33 / 49
H1, 2017-07-16 22:01:42,450     INFO    iter 34 / 49
H1, 2017-07-16 22:01:42,457     INFO    iter 35 / 49
H1, 2017-07-16 22:01:42,464     INFO    iter 36 / 49
H1, 2017-07-16 22:01:42,471     INFO    iter 37 / 49
H1, 2017-07-16 22:01:42,478     INFO    iter 38 / 49
H1, 2017-07-16 22:01:42,484     INFO    iter 39 / 49
H1, 2017-07-16 22:01:42,491     INFO    iter 40 / 49
H1, 2017-07-16 22:01:42,498     INFO    iter 41 / 49
H1, 2017-07-16 22:01:42,505     INFO    iter 42 / 49
H1, 2017-07-16 22:01:42,512     INFO    iter 43 / 49
H1, 2017-07-16 22:01:42,519     INFO    iter 44 / 49
H1, 2017-07-16 22:01:42,525     INFO    iter 45 / 49
H1, 2017-07-16 22:01:42,532     INFO    iter 46 / 49
H1, 2017-07-16 22:01:42,539     INFO    iter 47 / 49
H1, 2017-07-16 22:01:42,546     INFO    iter 48 / 49
H1, 2017-07-16 22:01:42,553     INFO    iter 49 / 49
H1, 2017-07-16 22:01:42,560     INFO   rounds 2 / 2
H1, 2017-07-16 22:01:42,567     INFO    iter 1 / 49
H1, 2017-07-16 22:01:42,574     INFO    iter 2 / 49
H1, 2017-07-16 22:01:42,581     INFO    iter 3 / 49
H1, 2017-07-16 22:01:42,587     INFO    iter 4 / 49
H1, 2017-07-16 22:01:42,594     INFO    iter 5 / 49
H1, 2017-07-16 22:01:42,601     INFO    iter 6 / 49
H1, 2017-07-16 22:01:42,608     INFO    iter 7 / 49
H1, 2017-07-16 22:01:42,615     INFO    iter 8 / 49
H1, 2017-07-16 22:01:42,622     INFO    iter 9 / 49
H1, 2017-07-16 22:01:42,628     INFO    iter 10 / 49
H1, 2017-07-16 22:01:42,635     INFO    iter 11 / 49
H1, 2017-07-16 22:01:42,642     INFO    iter 12 / 49
H1, 2017-07-16 22:01:42,649     INFO    iter 13 / 49
H1, 2017-07-16 22:01:42,656     INFO    iter 14 / 49
H1, 2017-07-16 22:01:42,662     INFO    iter 15 / 49
H1, 2017-07-16 22:01:42,669     INFO    iter 16 / 49
H1, 2017-07-16 22:01:42,676     INFO    iter 17 / 49
H1, 2017-07-16 22:01:42,683     INFO    iter 18 / 49
H1, 2017-07-16 22:01:42,690     INFO    iter 19 / 49
H1, 2017-07-16 22:01:42,696     INFO    iter 20 / 49
H1, 2017-07-16 22:01:42,703     INFO    iter 21 / 49
H1, 2017-07-16 22:01:42,710     INFO    iter 22 / 49
H1, 2017-07-16 22:01:42,717     INFO    iter 23 / 49
H1, 2017-07-16 22:01:42,724     INFO    iter 24 / 49
H1, 2017-07-16 22:01:42,731     INFO    iter 25 / 49
H1, 2017-07-16 22:01:42,737     INFO    iter 26 / 49
H1, 2017-07-16 22:01:42,744     INFO    iter 27 / 49
H1, 2017-07-16 22:01:42,751     INFO    iter 28 / 49
H1, 2017-07-16 22:01:42,758     INFO    iter 29 / 49
H1, 2017-07-16 22:01:42,765     INFO    iter 30 / 49
H1, 2017-07-16 22:01:42,771     INFO    iter 31 / 49
H1, 2017-07-16 22:01:42,778     INFO    iter 32 / 49
H1, 2017-07-16 22:01:42,785     INFO    iter 33 / 49
H1, 2017-07-16 22:01:42,792     INFO    iter 34 / 49
H1, 2017-07-16 22:01:42,799     INFO    iter 35 / 49
H1, 2017-07-16 22:01:42,805     INFO    iter 36 / 49
H1, 2017-07-16 22:01:42,812     INFO    iter 37 / 49
H1, 2017-07-16 22:01:42,819     INFO    iter 38 / 49
H1, 2017-07-16 22:01:42,826     INFO    iter 39 / 49
H1, 2017-07-16 22:01:42,833     INFO    iter 40 / 49
H1, 2017-07-16 22:01:42,839     INFO    iter 41 / 49
H1, 2017-07-16 22:01:42,846     INFO    iter 42 / 49
H1, 2017-07-16 22:01:42,853     INFO    iter 43 / 49
H1, 2017-07-16 22:01:42,860     INFO    iter 44 / 49
H1, 2017-07-16 22:01:42,867     INFO    iter 45 / 49
H1, 2017-07-16 22:01:42,873     INFO    iter 46 / 49
H1, 2017-07-16 22:01:42,880     INFO    iter 47 / 49
H1, 2017-07-16 22:01:42,887     INFO    iter 48 / 49
H1, 2017-07-16 22:01:42,894     INFO    iter 49 / 49
H1, 2017-07-16 22:01:42,901     INFO  training AdaGrad
H1, 2017-07-16 22:01:42,902     INFO   rounds 1 / 2
H1, 2017-07-16 22:01:42,909     INFO    iter 1 / 49
H1, 2017-07-16 22:01:42,928     INFO    iter 2 / 49
H1, 2017-07-16 22:01:42,948     INFO    iter 3 / 49
H1, 2017-07-16 22:01:42,967     INFO    iter 4 / 49
H1, 2017-07-16 22:01:42,987     INFO    iter 5 / 49
H1, 2017-07-16 22:01:43,006     INFO    iter 6 / 49
H1, 2017-07-16 22:01:43,025     INFO    iter 7 / 49
H1, 2017-07-16 22:01:43,045     INFO    iter 8 / 49
H1, 2017-07-16 22:01:43,064     INFO    iter 9 / 49
H1, 2017-07-16 22:01:43,083     INFO    iter 10 / 49
H1, 2017-07-16 22:01:43,102     INFO    iter 11 / 49
H1, 2017-07-16 22:01:43,121     INFO    iter 12 / 49
H1, 2017-07-16 22:01:43,139     INFO    iter 13 / 49
H1, 2017-07-16 22:01:43,158     INFO    iter 14 / 49
H1, 2017-07-16 22:01:43,177     INFO    iter 15 / 49
H1, 2017-07-16 22:01:43,195     INFO    iter 16 / 49
H1, 2017-07-16 22:01:43,214     INFO    iter 17 / 49
H1, 2017-07-16 22:01:43,232     INFO    iter 18 / 49
H1, 2017-07-16 22:01:43,251     INFO    iter 19 / 49
H1, 2017-07-16 22:01:43,270     INFO    iter 20 / 49
H1, 2017-07-16 22:01:43,288     INFO    iter 21 / 49
H1, 2017-07-16 22:01:43,307     INFO    iter 22 / 49
H1, 2017-07-16 22:01:43,325     INFO    iter 23 / 49
H1, 2017-07-16 22:01:43,344     INFO    iter 24 / 49
H1, 2017-07-16 22:01:43,363     INFO    iter 25 / 49
H1, 2017-07-16 22:01:43,381     INFO    iter 26 / 49
H1, 2017-07-16 22:01:43,400     INFO    iter 27 / 49
H1, 2017-07-16 22:01:43,418     INFO    iter 28 / 49
H1, 2017-07-16 22:01:43,437     INFO    iter 29 / 49
H1, 2017-07-16 22:01:43,456     INFO    iter 30 / 49
H1, 2017-07-16 22:01:43,474     INFO    iter 31 / 49
H1, 2017-07-16 22:01:43,493     INFO    iter 32 / 49
H1, 2017-07-16 22:01:43,511     INFO    iter 33 / 49
H1, 2017-07-16 22:01:43,530     INFO    iter 34 / 49
H1, 2017-07-16 22:01:43,548     INFO    iter 35 / 49
H1, 2017-07-16 22:01:43,567     INFO    iter 36 / 49
H1, 2017-07-16 22:01:43,586     INFO    iter 37 / 49
H1, 2017-07-16 22:01:43,604     INFO    iter 38 / 49
H1, 2017-07-16 22:01:43,623     INFO    iter 39 / 49
H1, 2017-07-16 22:01:43,641     INFO    iter 40 / 49
H1, 2017-07-16 22:01:43,660     INFO    iter 41 / 49
H1, 2017-07-16 22:01:43,678     INFO    iter 42 / 49
H1, 2017-07-16 22:01:43,697     INFO    iter 43 / 49
H1, 2017-07-16 22:01:43,716     INFO    iter 44 / 49
H1, 2017-07-16 22:01:43,734     INFO    iter 45 / 49
H1, 2017-07-16 22:01:43,753     INFO    iter 46 / 49
H1, 2017-07-16 22:01:43,771     INFO    iter 47 / 49
H1, 2017-07-16 22:01:43,790     INFO    iter 48 / 49
H1, 2017-07-16 22:01:43,809     INFO    iter 49 / 49
H1, 2017-07-16 22:01:43,827     INFO   rounds 2 / 2
H1, 2017-07-16 22:01:43,834     INFO    iter 1 / 49
H1, 2017-07-16 22:01:43,853     INFO    iter 2 / 49
H1, 2017-07-16 22:01:43,871     INFO    iter 3 / 49
H1, 2017-07-16 22:01:43,889     INFO    iter 4 / 49
H1, 2017-07-16 22:01:43,908     INFO    iter 5 / 49
H1, 2017-07-16 22:01:43,926     INFO    iter 6 / 49
H1, 2017-07-16 22:01:43,945     INFO    iter 7 / 49
H1, 2017-07-16 22:01:43,963     INFO    iter 8 / 49
H1, 2017-07-16 22:01:43,982     INFO    iter 9 / 49
H1, 2017-07-16 22:01:44,000     INFO    iter 10 / 49
H1, 2017-07-16 22:01:44,018     INFO    iter 11 / 49
H1, 2017-07-16 22:01:44,037     INFO    iter 12 / 49
H1, 2017-07-16 22:01:44,055     INFO    iter 13 / 49
H1, 2017-07-16 22:01:44,074     INFO    iter 14 / 49
H1, 2017-07-16 22:01:44,092     INFO    iter 15 / 49
H1, 2017-07-16 22:01:44,111     INFO    iter 16 / 49
H1, 2017-07-16 22:01:44,129     INFO    iter 17 / 49
H1, 2017-07-16 22:01:44,147     INFO    iter 18 / 49
H1, 2017-07-16 22:01:44,166     INFO    iter 19 / 49
H1, 2017-07-16 22:01:44,184     INFO    iter 20 / 49
H1, 2017-07-16 22:01:44,203     INFO    iter 21 / 49
H1, 2017-07-16 22:01:44,221     INFO    iter 22 / 49
H1, 2017-07-16 22:01:44,240     INFO    iter 23 / 49
H1, 2017-07-16 22:01:44,258     INFO    iter 24 / 49
H1, 2017-07-16 22:01:44,276     INFO    iter 25 / 49
H1, 2017-07-16 22:01:44,295     INFO    iter 26 / 49
H1, 2017-07-16 22:01:44,313     INFO    iter 27 / 49
H1, 2017-07-16 22:01:44,332     INFO    iter 28 / 49
H1, 2017-07-16 22:01:44,350     INFO    iter 29 / 49
H1, 2017-07-16 22:01:44,369     INFO    iter 30 / 49
H1, 2017-07-16 22:01:44,387     INFO    iter 31 / 49
H1, 2017-07-16 22:01:44,405     INFO    iter 32 / 49
H1, 2017-07-16 22:01:44,424     INFO    iter 33 / 49
H1, 2017-07-16 22:01:44,442     INFO    iter 34 / 49
H1, 2017-07-16 22:01:44,461     INFO    iter 35 / 49
H1, 2017-07-16 22:01:44,479     INFO    iter 36 / 49
H1, 2017-07-16 22:01:44,498     INFO    iter 37 / 49
H1, 2017-07-16 22:01:44,516     INFO    iter 38 / 49
H1, 2017-07-16 22:01:44,534     INFO    iter 39 / 49
H1, 2017-07-16 22:01:44,553     INFO    iter 40 / 49
H1, 2017-07-16 22:01:44,571     INFO    iter 41 / 49
H1, 2017-07-16 22:01:44,590     INFO    iter 42 / 49
H1, 2017-07-16 22:01:44,608     INFO    iter 43 / 49
H1, 2017-07-16 22:01:44,627     INFO    iter 44 / 49
H1, 2017-07-16 22:01:44,645     INFO    iter 45 / 49
H1, 2017-07-16 22:01:44,663     INFO    iter 46 / 49
H1, 2017-07-16 22:01:44,682     INFO    iter 47 / 49
H1, 2017-07-16 22:01:44,700     INFO    iter 48 / 49
H1, 2017-07-16 22:01:44,719     INFO    iter 49 / 49
H1, 2017-07-16 22:01:44,738     INFO  training RMSprop
H1, 2017-07-16 22:01:44,738     INFO   rounds 1 / 2
H1, 2017-07-16 22:01:44,745     INFO    iter 1 / 49
H1, 2017-07-16 22:01:44,767     INFO    iter 2 / 49
H1, 2017-07-16 22:01:44,788     INFO    iter 3 / 49
H1, 2017-07-16 22:01:44,810     INFO    iter 4 / 49
H1, 2017-07-16 22:01:44,832     INFO    iter 5 / 49
H1, 2017-07-16 22:01:44,853     INFO    iter 6 / 49
H1, 2017-07-16 22:01:44,875     INFO    iter 7 / 49
H1, 2017-07-16 22:01:44,897     INFO    iter 8 / 49
H1, 2017-07-16 22:01:44,918     INFO    iter 9 / 49
H1, 2017-07-16 22:01:44,940     INFO    iter 10 / 49
H1, 2017-07-16 22:01:44,962     INFO    iter 11 / 49
H1, 2017-07-16 22:01:44,984     INFO    iter 12 / 49
H1, 2017-07-16 22:01:45,005     INFO    iter 13 / 49
H1, 2017-07-16 22:01:45,027     INFO    iter 14 / 49
H1, 2017-07-16 22:01:45,049     INFO    iter 15 / 49
H1, 2017-07-16 22:01:45,070     INFO    iter 16 / 49
H1, 2017-07-16 22:01:45,092     INFO    iter 17 / 49
H1, 2017-07-16 22:01:45,114     INFO    iter 18 / 49
H1, 2017-07-16 22:01:45,135     INFO    iter 19 / 49
H1, 2017-07-16 22:01:45,157     INFO    iter 20 / 49
H1, 2017-07-16 22:01:45,179     INFO    iter 21 / 49
H1, 2017-07-16 22:01:45,200     INFO    iter 22 / 49
H1, 2017-07-16 22:01:45,222     INFO    iter 23 / 49
H1, 2017-07-16 22:01:45,244     INFO    iter 24 / 49
H1, 2017-07-16 22:01:45,265     INFO    iter 25 / 49
H1, 2017-07-16 22:01:45,287     INFO    iter 26 / 49
H1, 2017-07-16 22:01:45,308     INFO    iter 27 / 49
H1, 2017-07-16 22:01:45,330     INFO    iter 28 / 49
H1, 2017-07-16 22:01:45,352     INFO    iter 29 / 49
H1, 2017-07-16 22:01:45,373     INFO    iter 30 / 49
H1, 2017-07-16 22:01:45,395     INFO    iter 31 / 49
H1, 2017-07-16 22:01:45,417     INFO    iter 32 / 49
H1, 2017-07-16 22:01:45,439     INFO    iter 33 / 49
H1, 2017-07-16 22:01:45,460     INFO    iter 34 / 49
H1, 2017-07-16 22:01:45,482     INFO    iter 35 / 49
H1, 2017-07-16 22:01:45,503     INFO    iter 36 / 49
H1, 2017-07-16 22:01:45,525     INFO    iter 37 / 49
H1, 2017-07-16 22:01:45,547     INFO    iter 38 / 49
H1, 2017-07-16 22:01:45,568     INFO    iter 39 / 49
H1, 2017-07-16 22:01:45,590     INFO    iter 40 / 49
H1, 2017-07-16 22:01:45,612     INFO    iter 41 / 49
H1, 2017-07-16 22:01:45,633     INFO    iter 42 / 49
H1, 2017-07-16 22:01:45,655     INFO    iter 43 / 49
H1, 2017-07-16 22:01:45,677     INFO    iter 44 / 49
H1, 2017-07-16 22:01:45,698     INFO    iter 45 / 49
H1, 2017-07-16 22:01:45,720     INFO    iter 46 / 49
H1, 2017-07-16 22:01:45,742     INFO    iter 47 / 49
H1, 2017-07-16 22:01:45,764     INFO    iter 48 / 49
H1, 2017-07-16 22:01:45,785     INFO    iter 49 / 49
H1, 2017-07-16 22:01:45,807     INFO   rounds 2 / 2
H1, 2017-07-16 22:01:45,814     INFO    iter 1 / 49
H1, 2017-07-16 22:01:45,835     INFO    iter 2 / 49
H1, 2017-07-16 22:01:45,857     INFO    iter 3 / 49
H1, 2017-07-16 22:01:45,878     INFO    iter 4 / 49
H1, 2017-07-16 22:01:45,900     INFO    iter 5 / 49
H1, 2017-07-16 22:01:45,921     INFO    iter 6 / 49
H1, 2017-07-16 22:01:45,942     INFO    iter 7 / 49
H1, 2017-07-16 22:01:45,964     INFO    iter 8 / 49
H1, 2017-07-16 22:01:45,985     INFO    iter 9 / 49
H1, 2017-07-16 22:01:46,007     INFO    iter 10 / 49
H1, 2017-07-16 22:01:46,028     INFO    iter 11 / 49
H1, 2017-07-16 22:01:46,050     INFO    iter 12 / 49
H1, 2017-07-16 22:01:46,071     INFO    iter 13 / 49
H1, 2017-07-16 22:01:46,093     INFO    iter 14 / 49
H1, 2017-07-16 22:01:46,114     INFO    iter 15 / 49
H1, 2017-07-16 22:01:46,135     INFO    iter 16 / 49
H1, 2017-07-16 22:01:46,157     INFO    iter 17 / 49
H1, 2017-07-16 22:01:46,178     INFO    iter 18 / 49
H1, 2017-07-16 22:01:46,200     INFO    iter 19 / 49
H1, 2017-07-16 22:01:46,221     INFO    iter 20 / 49
H1, 2017-07-16 22:01:46,242     INFO    iter 21 / 49
H1, 2017-07-16 22:01:46,264     INFO    iter 22 / 49
H1, 2017-07-16 22:01:46,285     INFO    iter 23 / 49
H1, 2017-07-16 22:01:46,307     INFO    iter 24 / 49
H1, 2017-07-16 22:01:46,328     INFO    iter 25 / 49
H1, 2017-07-16 22:01:46,350     INFO    iter 26 / 49
H1, 2017-07-16 22:01:46,371     INFO    iter 27 / 49
H1, 2017-07-16 22:01:46,392     INFO    iter 28 / 49
H1, 2017-07-16 22:01:46,414     INFO    iter 29 / 49
H1, 2017-07-16 22:01:46,435     INFO    iter 30 / 49
H1, 2017-07-16 22:01:46,456     INFO    iter 31 / 49
H1, 2017-07-16 22:01:46,478     INFO    iter 32 / 49
H1, 2017-07-16 22:01:46,499     INFO    iter 33 / 49
H1, 2017-07-16 22:01:46,521     INFO    iter 34 / 49
H1, 2017-07-16 22:01:46,542     INFO    iter 35 / 49
H1, 2017-07-16 22:01:46,563     INFO    iter 36 / 49
H1, 2017-07-16 22:01:46,585     INFO    iter 37 / 49
H1, 2017-07-16 22:01:46,639     INFO    iter 38 / 49
H1, 2017-07-16 22:01:46,662     INFO    iter 39 / 49
H1, 2017-07-16 22:01:46,684     INFO    iter 40 / 49
H1, 2017-07-16 22:01:46,706     INFO    iter 41 / 49
H1, 2017-07-16 22:01:46,727     INFO    iter 42 / 49
H1, 2017-07-16 22:01:46,749     INFO    iter 43 / 49
H1, 2017-07-16 22:01:46,771     INFO    iter 44 / 49
H1, 2017-07-16 22:01:46,792     INFO    iter 45 / 49
H1, 2017-07-16 22:01:46,815     INFO    iter 46 / 49
H1, 2017-07-16 22:01:46,837     INFO    iter 47 / 49
H1, 2017-07-16 22:01:46,859     INFO    iter 48 / 49
H1, 2017-07-16 22:01:46,881     INFO    iter 49 / 49
H1, 2017-07-16 22:01:46,904     INFO  training Adam
H1, 2017-07-16 22:01:46,904     INFO   rounds 1 / 2
H1, 2017-07-16 22:01:46,911     INFO    iter 1 / 49
H1, 2017-07-16 22:01:46,937     INFO    iter 2 / 49
H1, 2017-07-16 22:01:46,963     INFO    iter 3 / 49
H1, 2017-07-16 22:01:46,989     INFO    iter 4 / 49
H1, 2017-07-16 22:01:47,015     INFO    iter 5 / 49
H1, 2017-07-16 22:01:47,041     INFO    iter 6 / 49
H1, 2017-07-16 22:01:47,067     INFO    iter 7 / 49
H1, 2017-07-16 22:01:47,093     INFO    iter 8 / 49
H1, 2017-07-16 22:01:47,119     INFO    iter 9 / 49
H1, 2017-07-16 22:01:47,145     INFO    iter 10 / 49
H1, 2017-07-16 22:01:47,171     INFO    iter 11 / 49
H1, 2017-07-16 22:01:47,197     INFO    iter 12 / 49
H1, 2017-07-16 22:01:47,223     INFO    iter 13 / 49
H1, 2017-07-16 22:01:47,250     INFO    iter 14 / 49
H1, 2017-07-16 22:01:47,276     INFO    iter 15 / 49
H1, 2017-07-16 22:01:47,303     INFO    iter 16 / 49
H1, 2017-07-16 22:01:47,329     INFO    iter 17 / 49
H1, 2017-07-16 22:01:47,355     INFO    iter 18 / 49
H1, 2017-07-16 22:01:47,381     INFO    iter 19 / 49
H1, 2017-07-16 22:01:47,407     INFO    iter 20 / 49
H1, 2017-07-16 22:01:47,433     INFO    iter 21 / 49
H1, 2017-07-16 22:01:47,459     INFO    iter 22 / 49
H1, 2017-07-16 22:01:47,485     INFO    iter 23 / 49
H1, 2017-07-16 22:01:47,511     INFO    iter 24 / 49
H1, 2017-07-16 22:01:47,537     INFO    iter 25 / 49
H1, 2017-07-16 22:01:47,563     INFO    iter 26 / 49
H1, 2017-07-16 22:01:47,589     INFO    iter 27 / 49
H1, 2017-07-16 22:01:47,615     INFO    iter 28 / 49
H1, 2017-07-16 22:01:47,641     INFO    iter 29 / 49
H1, 2017-07-16 22:01:47,667     INFO    iter 30 / 49
H1, 2017-07-16 22:01:47,693     INFO    iter 31 / 49
H1, 2017-07-16 22:01:47,719     INFO    iter 32 / 49
H1, 2017-07-16 22:01:47,745     INFO    iter 33 / 49
H1, 2017-07-16 22:01:47,771     INFO    iter 34 / 49
H1, 2017-07-16 22:01:47,797     INFO    iter 35 / 49
H1, 2017-07-16 22:01:47,823     INFO    iter 36 / 49
H1, 2017-07-16 22:01:47,850     INFO    iter 37 / 49
H1, 2017-07-16 22:01:47,876     INFO    iter 38 / 49
H1, 2017-07-16 22:01:47,902     INFO    iter 39 / 49
H1, 2017-07-16 22:01:47,928     INFO    iter 40 / 49
H1, 2017-07-16 22:01:47,954     INFO    iter 41 / 49
H1, 2017-07-16 22:01:47,980     INFO    iter 42 / 49
H1, 2017-07-16 22:01:48,006     INFO    iter 43 / 49
H1, 2017-07-16 22:01:48,032     INFO    iter 44 / 49
H1, 2017-07-16 22:01:48,058     INFO    iter 45 / 49
H1, 2017-07-16 22:01:48,084     INFO    iter 46 / 49
H1, 2017-07-16 22:01:48,110     INFO    iter 47 / 49
H1, 2017-07-16 22:01:48,136     INFO    iter 48 / 49
H1, 2017-07-16 22:01:48,162     INFO    iter 49 / 49
H1, 2017-07-16 22:01:48,188     INFO   rounds 2 / 2
H1, 2017-07-16 22:01:48,195     INFO    iter 1 / 49
H1, 2017-07-16 22:01:48,221     INFO    iter 2 / 49
H1, 2017-07-16 22:01:48,246     INFO    iter 3 / 49
H1, 2017-07-16 22:01:48,272     INFO    iter 4 / 49
H1, 2017-07-16 22:01:48,298     INFO    iter 5 / 49
H1, 2017-07-16 22:01:48,324     INFO    iter 6 / 49
H1, 2017-07-16 22:01:48,349     INFO    iter 7 / 49
H1, 2017-07-16 22:01:48,375     INFO    iter 8 / 49
H1, 2017-07-16 22:01:48,401     INFO    iter 9 / 49
H1, 2017-07-16 22:01:48,426     INFO    iter 10 / 49
H1, 2017-07-16 22:01:48,452     INFO    iter 11 / 49
H1, 2017-07-16 22:01:48,478     INFO    iter 12 / 49
H1, 2017-07-16 22:01:48,504     INFO    iter 13 / 49
H1, 2017-07-16 22:01:48,529     INFO    iter 14 / 49
H1, 2017-07-16 22:01:48,555     INFO    iter 15 / 49
H1, 2017-07-16 22:01:48,581     INFO    iter 16 / 49
H1, 2017-07-16 22:01:48,607     INFO    iter 17 / 49
H1, 2017-07-16 22:01:48,633     INFO    iter 18 / 49
H1, 2017-07-16 22:01:48,659     INFO    iter 19 / 49
H1, 2017-07-16 22:01:48,684     INFO    iter 20 / 49
H1, 2017-07-16 22:01:48,710     INFO    iter 21 / 49
H1, 2017-07-16 22:01:48,736     INFO    iter 22 / 49
H1, 2017-07-16 22:01:48,762     INFO    iter 23 / 49
H1, 2017-07-16 22:01:48,787     INFO    iter 24 / 49
H1, 2017-07-16 22:01:48,813     INFO    iter 25 / 49
H1, 2017-07-16 22:01:48,839     INFO    iter 26 / 49
H1, 2017-07-16 22:01:48,865     INFO    iter 27 / 49
H1, 2017-07-16 22:01:48,890     INFO    iter 28 / 49
H1, 2017-07-16 22:01:48,916     INFO    iter 29 / 49
H1, 2017-07-16 22:01:48,942     INFO    iter 30 / 49
H1, 2017-07-16 22:01:48,967     INFO    iter 31 / 49
H1, 2017-07-16 22:01:48,993     INFO    iter 32 / 49
H1, 2017-07-16 22:01:49,019     INFO    iter 33 / 49
H1, 2017-07-16 22:01:49,045     INFO    iter 34 / 49
H1, 2017-07-16 22:01:49,071     INFO    iter 35 / 49
H1, 2017-07-16 22:01:49,096     INFO    iter 36 / 49
H1, 2017-07-16 22:01:49,122     INFO    iter 37 / 49
H1, 2017-07-16 22:01:49,148     INFO    iter 38 / 49
H1, 2017-07-16 22:01:49,173     INFO    iter 39 / 49
H1, 2017-07-16 22:01:49,199     INFO    iter 40 / 49
H1, 2017-07-16 22:01:49,225     INFO    iter 41 / 49
H1, 2017-07-16 22:01:49,251     INFO    iter 42 / 49
H1, 2017-07-16 22:01:49,277     INFO    iter 43 / 49
H1, 2017-07-16 22:01:49,302     INFO    iter 44 / 49
H1, 2017-07-16 22:01:49,328     INFO    iter 45 / 49
H1, 2017-07-16 22:01:49,354     INFO    iter 46 / 49
H1, 2017-07-16 22:01:49,379     INFO    iter 47 / 49
H1, 2017-07-16 22:01:49,405     INFO    iter 48 / 49
H1, 2017-07-16 22:01:49,431     INFO    iter 49 / 49
H1, 2017-07-16 22:01:49,457     INFO  training AdaDelta
H1, 2017-07-16 22:01:49,458     INFO   rounds 1 / 2
H1, 2017-07-16 22:01:49,464     INFO    iter 1 / 49
H1, 2017-07-16 22:01:49,488     INFO    iter 2 / 49
H1, 2017-07-16 22:01:49,511     INFO    iter 3 / 49
H1, 2017-07-16 22:01:49,535     INFO    iter 4 / 49
H1, 2017-07-16 22:01:49,558     INFO    iter 5 / 49
H1, 2017-07-16 22:01:49,582     INFO    iter 6 / 49
H1, 2017-07-16 22:01:49,605     INFO    iter 7 / 49
H1, 2017-07-16 22:01:49,629     INFO    iter 8 / 49
H1, 2017-07-16 22:01:49,653     INFO    iter 9 / 49
H1, 2017-07-16 22:01:49,676     INFO    iter 10 / 49
H1, 2017-07-16 22:01:49,700     INFO    iter 11 / 49
H1, 2017-07-16 22:01:49,723     INFO    iter 12 / 49
H1, 2017-07-16 22:01:49,747     INFO    iter 13 / 49
H1, 2017-07-16 22:01:49,770     INFO    iter 14 / 49
H1, 2017-07-16 22:01:49,794     INFO    iter 15 / 49
H1, 2017-07-16 22:01:49,817     INFO    iter 16 / 49
H1, 2017-07-16 22:01:49,841     INFO    iter 17 / 49
H1, 2017-07-16 22:01:49,865     INFO    iter 18 / 49
H1, 2017-07-16 22:01:49,888     INFO    iter 19 / 49
H1, 2017-07-16 22:01:49,912     INFO    iter 20 / 49
H1, 2017-07-16 22:01:49,935     INFO    iter 21 / 49
H1, 2017-07-16 22:01:49,959     INFO    iter 22 / 49
H1, 2017-07-16 22:01:49,982     INFO    iter 23 / 49
H1, 2017-07-16 22:01:50,006     INFO    iter 24 / 49
H1, 2017-07-16 22:01:50,029     INFO    iter 25 / 49
H1, 2017-07-16 22:01:50,053     INFO    iter 26 / 49
H1, 2017-07-16 22:01:50,076     INFO    iter 27 / 49
H1, 2017-07-16 22:01:50,100     INFO    iter 28 / 49
H1, 2017-07-16 22:01:50,124     INFO    iter 29 / 49
H1, 2017-07-16 22:01:50,147     INFO    iter 30 / 49
H1, 2017-07-16 22:01:50,171     INFO    iter 31 / 49
H1, 2017-07-16 22:01:50,194     INFO    iter 32 / 49
H1, 2017-07-16 22:01:50,218     INFO    iter 33 / 49
H1, 2017-07-16 22:01:50,241     INFO    iter 34 / 49
H1, 2017-07-16 22:01:50,265     INFO    iter 35 / 49
H1, 2017-07-16 22:01:50,288     INFO    iter 36 / 49
H1, 2017-07-16 22:01:50,312     INFO    iter 37 / 49
H1, 2017-07-16 22:01:50,335     INFO    iter 38 / 49
H1, 2017-07-16 22:01:50,359     INFO    iter 39 / 49
H1, 2017-07-16 22:01:50,382     INFO    iter 40 / 49
H1, 2017-07-16 22:01:50,406     INFO    iter 41 / 49
H1, 2017-07-16 22:01:50,429     INFO    iter 42 / 49
H1, 2017-07-16 22:01:50,453     INFO    iter 43 / 49
H1, 2017-07-16 22:01:50,476     INFO    iter 44 / 49
H1, 2017-07-16 22:01:50,500     INFO    iter 45 / 49
H1, 2017-07-16 22:01:50,523     INFO    iter 46 / 49
H1, 2017-07-16 22:01:50,547     INFO    iter 47 / 49
H1, 2017-07-16 22:01:50,570     INFO    iter 48 / 49
H1, 2017-07-16 22:01:50,594     INFO    iter 49 / 49
H1, 2017-07-16 22:01:50,617     INFO   rounds 2 / 2
H1, 2017-07-16 22:01:50,624     INFO    iter 1 / 49
H1, 2017-07-16 22:01:50,647     INFO    iter 2 / 49
H1, 2017-07-16 22:01:50,671     INFO    iter 3 / 49
H1, 2017-07-16 22:01:50,694     INFO    iter 4 / 49
H1, 2017-07-16 22:01:50,718     INFO    iter 5 / 49
H1, 2017-07-16 22:01:50,741     INFO    iter 6 / 49
H1, 2017-07-16 22:01:50,764     INFO    iter 7 / 49
H1, 2017-07-16 22:01:50,788     INFO    iter 8 / 49
H1, 2017-07-16 22:01:50,811     INFO    iter 9 / 49
H1, 2017-07-16 22:01:50,835     INFO    iter 10 / 49
H1, 2017-07-16 22:01:50,858     INFO    iter 11 / 49
H1, 2017-07-16 22:01:50,882     INFO    iter 12 / 49
H1, 2017-07-16 22:01:50,905     INFO    iter 13 / 49
H1, 2017-07-16 22:01:50,928     INFO    iter 14 / 49
H1, 2017-07-16 22:01:50,952     INFO    iter 15 / 49
H1, 2017-07-16 22:01:50,975     INFO    iter 16 / 49
H1, 2017-07-16 22:01:50,999     INFO    iter 17 / 49
H1, 2017-07-16 22:01:51,022     INFO    iter 18 / 49
H1, 2017-07-16 22:01:51,046     INFO    iter 19 / 49
H1, 2017-07-16 22:01:51,069     INFO    iter 20 / 49
H1, 2017-07-16 22:01:51,092     INFO    iter 21 / 49
H1, 2017-07-16 22:01:51,116     INFO    iter 22 / 49
H1, 2017-07-16 22:01:51,139     INFO    iter 23 / 49
H1, 2017-07-16 22:01:51,163     INFO    iter 24 / 49
H1, 2017-07-16 22:01:51,186     INFO    iter 25 / 49
H1, 2017-07-16 22:01:51,209     INFO    iter 26 / 49
H1, 2017-07-16 22:01:51,233     INFO    iter 27 / 49
H1, 2017-07-16 22:01:51,256     INFO    iter 28 / 49
H1, 2017-07-16 22:01:51,279     INFO    iter 29 / 49
H1, 2017-07-16 22:01:51,303     INFO    iter 30 / 49
H1, 2017-07-16 22:01:51,326     INFO    iter 31 / 49
H1, 2017-07-16 22:01:51,350     INFO    iter 32 / 49
H1, 2017-07-16 22:01:51,373     INFO    iter 33 / 49
H1, 2017-07-16 22:01:51,396     INFO    iter 34 / 49
H1, 2017-07-16 22:01:51,420     INFO    iter 35 / 49
H1, 2017-07-16 22:01:51,443     INFO    iter 36 / 49
H1, 2017-07-16 22:01:51,467     INFO    iter 37 / 49
H1, 2017-07-16 22:01:51,490     INFO    iter 38 / 49
H1, 2017-07-16 22:01:51,514     INFO    iter 39 / 49
H1, 2017-07-16 22:01:51,537     INFO    iter 40 / 49
H1, 2017-07-16 22:01:51,561     INFO    iter 41 / 49
H1, 2017-07-16 22:01:51,584     INFO    iter 42 / 49
H1, 2017-07-16 22:01:51,607     INFO    iter 43 / 49
H1, 2017-07-16 22:01:51,631     INFO    iter 44 / 49
H1, 2017-07-16 22:01:51,654     INFO    iter 45 / 49
H1, 2017-07-16 22:01:51,678     INFO    iter 46 / 49
H1, 2017-07-16 22:01:51,702     INFO    iter 47 / 49
H1, 2017-07-16 22:01:51,725     INFO    iter 48 / 49
H1, 2017-07-16 22:01:51,749     INFO    iter 49 / 49
H1, 2017-07-16 22:01:51,773     INFO  training VSGD
H1, 2017-07-16 22:01:51,773     INFO   rounds 1 / 2
H1, 2017-07-16 22:01:51,780     INFO    iter 1 / 49
H1, 2017-07-16 22:01:51,803     INFO    iter 2 / 49
H1, 2017-07-16 22:01:51,825     INFO    iter 3 / 49
H1, 2017-07-16 22:01:51,848     INFO    iter 4 / 49
H1, 2017-07-16 22:01:51,870     INFO    iter 5 / 49
H1, 2017-07-16 22:01:51,893     INFO    iter 6 / 49
H1, 2017-07-16 22:01:51,915     INFO    iter 7 / 49
H1, 2017-07-16 22:01:51,938     INFO    iter 8 / 49
H1, 2017-07-16 22:01:51,960     INFO    iter 9 / 49
H1, 2017-07-16 22:01:51,983     INFO    iter 10 / 49
H1, 2017-07-16 22:01:52,006     INFO    iter 11 / 49
H1, 2017-07-16 22:01:52,028     INFO    iter 12 / 49
H1, 2017-07-16 22:01:52,051     INFO    iter 13 / 49
H1, 2017-07-16 22:01:52,073     INFO    iter 14 / 49
H1, 2017-07-16 22:01:52,096     INFO    iter 15 / 49
H1, 2017-07-16 22:01:52,118     INFO    iter 16 / 49
H1, 2017-07-16 22:01:52,141     INFO    iter 17 / 49
H1, 2017-07-16 22:01:52,163     INFO    iter 18 / 49
H1, 2017-07-16 22:01:52,186     INFO    iter 19 / 49
H1, 2017-07-16 22:01:52,209     INFO    iter 20 / 49
H1, 2017-07-16 22:01:52,231     INFO    iter 21 / 49
H1, 2017-07-16 22:01:52,254     INFO    iter 22 / 49
H1, 2017-07-16 22:01:52,277     INFO    iter 23 / 49
H1, 2017-07-16 22:01:52,299     INFO    iter 24 / 49
H1, 2017-07-16 22:01:52,322     INFO    iter 25 / 49
H1, 2017-07-16 22:01:52,344     INFO    iter 26 / 49
H1, 2017-07-16 22:01:52,367     INFO    iter 27 / 49
H1, 2017-07-16 22:01:52,389     INFO    iter 28 / 49
H1, 2017-07-16 22:01:52,412     INFO    iter 29 / 49
H1, 2017-07-16 22:01:52,434     INFO    iter 30 / 49
H1, 2017-07-16 22:01:52,457     INFO    iter 31 / 49
H1, 2017-07-16 22:01:52,480     INFO    iter 32 / 49
H1, 2017-07-16 22:01:52,502     INFO    iter 33 / 49
H1, 2017-07-16 22:01:52,525     INFO    iter 34 / 49
H1, 2017-07-16 22:01:52,547     INFO    iter 35 / 49
H1, 2017-07-16 22:01:52,570     INFO    iter 36 / 49
H1, 2017-07-16 22:01:52,592     INFO    iter 37 / 49
H1, 2017-07-16 22:01:52,615     INFO    iter 38 / 49
H1, 2017-07-16 22:01:52,638     INFO    iter 39 / 49
H1, 2017-07-16 22:01:52,660     INFO    iter 40 / 49
H1, 2017-07-16 22:01:52,683     INFO    iter 41 / 49
H1, 2017-07-16 22:01:52,705     INFO    iter 42 / 49
H1, 2017-07-16 22:01:52,728     INFO    iter 43 / 49
H1, 2017-07-16 22:01:52,750     INFO    iter 44 / 49
H1, 2017-07-16 22:01:52,773     INFO    iter 45 / 49
H1, 2017-07-16 22:01:52,795     INFO    iter 46 / 49
H1, 2017-07-16 22:01:52,818     INFO    iter 47 / 49
H1, 2017-07-16 22:01:52,841     INFO    iter 48 / 49
H1, 2017-07-16 22:01:52,863     INFO    iter 49 / 49
H1, 2017-07-16 22:01:52,886     INFO   rounds 2 / 2
H1, 2017-07-16 22:01:52,892     INFO    iter 1 / 49
H1, 2017-07-16 22:01:52,915     INFO    iter 2 / 49
H1, 2017-07-16 22:01:52,937     INFO    iter 3 / 49
H1, 2017-07-16 22:01:52,960     INFO    iter 4 / 49
H1, 2017-07-16 22:01:52,982     INFO    iter 5 / 49
H1, 2017-07-16 22:01:53,004     INFO    iter 6 / 49
H1, 2017-07-16 22:01:53,026     INFO    iter 7 / 49
H1, 2017-07-16 22:01:53,048     INFO    iter 8 / 49
H1, 2017-07-16 22:01:53,071     INFO    iter 9 / 49
H1, 2017-07-16 22:01:53,093     INFO    iter 10 / 49
H1, 2017-07-16 22:01:53,115     INFO    iter 11 / 49
H1, 2017-07-16 22:01:53,137     INFO    iter 12 / 49
H1, 2017-07-16 22:01:53,159     INFO    iter 13 / 49
H1, 2017-07-16 22:01:53,182     INFO    iter 14 / 49
H1, 2017-07-16 22:01:53,204     INFO    iter 15 / 49
H1, 2017-07-16 22:01:53,226     INFO    iter 16 / 49
H1, 2017-07-16 22:01:53,249     INFO    iter 17 / 49
H1, 2017-07-16 22:01:53,271     INFO    iter 18 / 49
H1, 2017-07-16 22:01:53,293     INFO    iter 19 / 49
H1, 2017-07-16 22:01:53,315     INFO    iter 20 / 49
H1, 2017-07-16 22:01:53,337     INFO    iter 21 / 49
H1, 2017-07-16 22:01:53,360     INFO    iter 22 / 49
H1, 2017-07-16 22:01:53,382     INFO    iter 23 / 49
H1, 2017-07-16 22:01:53,404     INFO    iter 24 / 49
H1, 2017-07-16 22:01:53,426     INFO    iter 25 / 49
H1, 2017-07-16 22:01:53,449     INFO    iter 26 / 49
H1, 2017-07-16 22:01:53,471     INFO    iter 27 / 49
H1, 2017-07-16 22:01:53,493     INFO    iter 28 / 49
H1, 2017-07-16 22:01:53,515     INFO    iter 29 / 49
H1, 2017-07-16 22:01:53,537     INFO    iter 30 / 49
H1, 2017-07-16 22:01:53,560     INFO    iter 31 / 49
H1, 2017-07-16 22:01:53,582     INFO    iter 32 / 49
H1, 2017-07-16 22:01:53,604     INFO    iter 33 / 49
H1, 2017-07-16 22:01:53,626     INFO    iter 34 / 49
H1, 2017-07-16 22:01:53,649     INFO    iter 35 / 49
H1, 2017-07-16 22:01:53,671     INFO    iter 36 / 49
H1, 2017-07-16 22:01:53,693     INFO    iter 37 / 49
H1, 2017-07-16 22:01:53,715     INFO    iter 38 / 49
H1, 2017-07-16 22:01:53,738     INFO    iter 39 / 49
H1, 2017-07-16 22:01:53,760     INFO    iter 40 / 49
H1, 2017-07-16 22:01:53,782     INFO    iter 41 / 49
H1, 2017-07-16 22:01:53,804     INFO    iter 42 / 49
H1, 2017-07-16 22:01:53,826     INFO    iter 43 / 49
H1, 2017-07-16 22:01:53,849     INFO    iter 44 / 49
H1, 2017-07-16 22:01:53,871     INFO    iter 45 / 49
H1, 2017-07-16 22:01:53,893     INFO    iter 46 / 49
H1, 2017-07-16 22:01:53,915     INFO    iter 47 / 49
H1, 2017-07-16 22:01:53,937     INFO    iter 48 / 49
H1, 2017-07-16 22:01:53,960     INFO    iter 49 / 49
H1, 2017-07-16 22:01:53,982     INFO  save data
