H1, 2017-07-17 01:17:13,337     INFO Path: examples_result/compare/classification_simulation
H1, 2017-07-17 01:17:13,338     INFO X shape: 70000, 784
H1, 2017-07-17 01:17:13,338     INFO y shape: 70000
H1, 2017-07-17 01:17:13,338     INFO train size: 69300.00
H1, 2017-07-17 01:17:13,338     INFO  training SGD
H1, 2017-07-17 01:17:13,339     INFO   rounds 1 / 2
H1, 2017-07-17 01:17:13,564     INFO    iter 1 / 99
H1, 2017-07-17 01:17:13,850     INFO    iter 2 / 99
H1, 2017-07-17 01:17:14,149     INFO    iter 3 / 99
H1, 2017-07-17 01:17:14,450     INFO    iter 4 / 99
H1, 2017-07-17 01:17:14,751     INFO    iter 5 / 99
H1, 2017-07-17 01:17:15,053     INFO    iter 6 / 99
H1, 2017-07-17 01:17:15,269     INFO    iter 7 / 99
H1, 2017-07-17 01:17:15,449     INFO    iter 8 / 99
H1, 2017-07-17 01:17:15,740     INFO    iter 9 / 99
H1, 2017-07-17 01:17:15,937     INFO    iter 10 / 99
H1, 2017-07-17 01:17:16,126     INFO    iter 11 / 99
H1, 2017-07-17 01:17:16,311     INFO    iter 12 / 99
H1, 2017-07-17 01:17:16,596     INFO    iter 13 / 99
H1, 2017-07-17 01:17:16,785     INFO    iter 14 / 99
H1, 2017-07-17 01:17:16,970     INFO    iter 15 / 99
H1, 2017-07-17 01:17:17,145     INFO    iter 16 / 99
H1, 2017-07-17 01:17:17,337     INFO    iter 17 / 99
H1, 2017-07-17 01:17:17,627     INFO    iter 18 / 99
H1, 2017-07-17 01:17:17,937     INFO    iter 19 / 99
H1, 2017-07-17 01:17:18,132     INFO    iter 20 / 99
H1, 2017-07-17 01:17:18,420     INFO    iter 21 / 99
H1, 2017-07-17 01:17:18,730     INFO    iter 22 / 99
H1, 2017-07-17 01:17:19,033     INFO    iter 23 / 99
H1, 2017-07-17 01:17:19,345     INFO    iter 24 / 99
H1, 2017-07-17 01:17:19,663     INFO    iter 25 / 99
H1, 2017-07-17 01:17:19,980     INFO    iter 26 / 99
H1, 2017-07-17 01:17:20,279     INFO    iter 27 / 99
H1, 2017-07-17 01:17:20,575     INFO    iter 28 / 99
H1, 2017-07-17 01:17:20,793     INFO    iter 29 / 99
H1, 2017-07-17 01:17:21,097     INFO    iter 30 / 99
H1, 2017-07-17 01:17:21,305     INFO    iter 31 / 99
H1, 2017-07-17 01:17:21,609     INFO    iter 32 / 99
H1, 2017-07-17 01:17:21,920     INFO    iter 33 / 99
H1, 2017-07-17 01:17:22,231     INFO    iter 34 / 99
H1, 2017-07-17 01:17:22,545     INFO    iter 35 / 99
H1, 2017-07-17 01:17:22,848     INFO    iter 36 / 99
H1, 2017-07-17 01:17:23,038     INFO    iter 37 / 99
H1, 2017-07-17 01:17:23,338     INFO    iter 38 / 99
H1, 2017-07-17 01:17:23,641     INFO    iter 39 / 99
H1, 2017-07-17 01:17:23,939     INFO    iter 40 / 99
H1, 2017-07-17 01:17:24,250     INFO    iter 41 / 99
H1, 2017-07-17 01:17:24,556     INFO    iter 42 / 99
H1, 2017-07-17 01:17:24,862     INFO    iter 43 / 99
H1, 2017-07-17 01:17:25,161     INFO    iter 44 / 99
H1, 2017-07-17 01:17:25,465     INFO    iter 45 / 99
H1, 2017-07-17 01:17:25,793     INFO    iter 46 / 99
H1, 2017-07-17 01:17:26,106     INFO    iter 47 / 99
H1, 2017-07-17 01:17:26,403     INFO    iter 48 / 99
H1, 2017-07-17 01:17:26,720     INFO    iter 49 / 99
H1, 2017-07-17 01:17:27,016     INFO    iter 50 / 99
H1, 2017-07-17 01:17:27,309     INFO    iter 51 / 99
H1, 2017-07-17 01:17:27,631     INFO    iter 52 / 99
H1, 2017-07-17 01:17:27,937     INFO    iter 53 / 99
H1, 2017-07-17 01:17:28,242     INFO    iter 54 / 99
H1, 2017-07-17 01:17:28,542     INFO    iter 55 / 99
H1, 2017-07-17 01:17:28,825     INFO    iter 56 / 99
H1, 2017-07-17 01:17:29,021     INFO    iter 57 / 99
H1, 2017-07-17 01:17:29,213     INFO    iter 58 / 99
H1, 2017-07-17 01:17:29,503     INFO    iter 59 / 99
H1, 2017-07-17 01:17:29,714     INFO    iter 60 / 99
H1, 2017-07-17 01:17:29,894     INFO    iter 61 / 99
H1, 2017-07-17 01:17:30,189     INFO    iter 62 / 99
H1, 2017-07-17 01:17:30,499     INFO    iter 63 / 99
H1, 2017-07-17 01:17:30,817     INFO    iter 64 / 99
H1, 2017-07-17 01:17:31,124     INFO    iter 65 / 99
H1, 2017-07-17 01:17:31,432     INFO    iter 66 / 99
H1, 2017-07-17 01:17:31,737     INFO    iter 67 / 99
H1, 2017-07-17 01:17:32,047     INFO    iter 68 / 99
H1, 2017-07-17 01:17:32,265     INFO    iter 69 / 99
H1, 2017-07-17 01:17:32,453     INFO    iter 70 / 99
H1, 2017-07-17 01:17:32,638     INFO    iter 71 / 99
H1, 2017-07-17 01:17:32,932     INFO    iter 72 / 99
H1, 2017-07-17 01:17:33,234     INFO    iter 73 / 99
H1, 2017-07-17 01:17:33,538     INFO    iter 74 / 99
H1, 2017-07-17 01:17:33,840     INFO    iter 75 / 99
H1, 2017-07-17 01:17:34,145     INFO    iter 76 / 99
H1, 2017-07-17 01:17:34,338     INFO    iter 77 / 99
H1, 2017-07-17 01:17:34,516     INFO    iter 78 / 99
H1, 2017-07-17 01:17:34,699     INFO    iter 79 / 99
H1, 2017-07-17 01:17:34,894     INFO    iter 80 / 99
H1, 2017-07-17 01:17:35,089     INFO    iter 81 / 99
H1, 2017-07-17 01:17:35,379     INFO    iter 82 / 99
H1, 2017-07-17 01:17:35,677     INFO    iter 83 / 99
H1, 2017-07-17 01:17:35,873     INFO    iter 84 / 99
H1, 2017-07-17 01:17:36,184     INFO    iter 85 / 99
H1, 2017-07-17 01:17:36,379     INFO    iter 86 / 99
H1, 2017-07-17 01:17:36,677     INFO    iter 87 / 99
H1, 2017-07-17 01:17:36,982     INFO    iter 88 / 99
H1, 2017-07-17 01:17:37,291     INFO    iter 89 / 99
H1, 2017-07-17 01:17:37,580     INFO    iter 90 / 99
H1, 2017-07-17 01:17:37,884     INFO    iter 91 / 99
H1, 2017-07-17 01:17:38,198     INFO    iter 92 / 99
H1, 2017-07-17 01:17:38,505     INFO    iter 93 / 99
H1, 2017-07-17 01:17:38,716     INFO    iter 94 / 99
H1, 2017-07-17 01:17:38,924     INFO    iter 95 / 99
H1, 2017-07-17 01:17:39,228     INFO    iter 96 / 99
H1, 2017-07-17 01:17:39,456     INFO    iter 97 / 99
H1, 2017-07-17 01:17:39,763     INFO    iter 98 / 99
H1, 2017-07-17 01:17:39,977     INFO    iter 99 / 99
H1, 2017-07-17 01:17:40,279     INFO   rounds 2 / 2
H1, 2017-07-17 01:17:40,496     INFO    iter 1 / 99
H1, 2017-07-17 01:17:40,788     INFO    iter 2 / 99
H1, 2017-07-17 01:17:41,075     INFO    iter 3 / 99
H1, 2017-07-17 01:17:41,373     INFO    iter 4 / 99
H1, 2017-07-17 01:17:41,666     INFO    iter 5 / 99
H1, 2017-07-17 01:17:41,982     INFO    iter 6 / 99
H1, 2017-07-17 01:17:42,279     INFO    iter 7 / 99
H1, 2017-07-17 01:17:42,577     INFO    iter 8 / 99
H1, 2017-07-17 01:17:42,893     INFO    iter 9 / 99
H1, 2017-07-17 01:17:43,201     INFO    iter 10 / 99
H1, 2017-07-17 01:17:43,514     INFO    iter 11 / 99
H1, 2017-07-17 01:17:43,833     INFO    iter 12 / 99
H1, 2017-07-17 01:17:44,143     INFO    iter 13 / 99
H1, 2017-07-17 01:17:44,438     INFO    iter 14 / 99
H1, 2017-07-17 01:17:44,723     INFO    iter 15 / 99
H1, 2017-07-17 01:17:45,012     INFO    iter 16 / 99
H1, 2017-07-17 01:17:45,321     INFO    iter 17 / 99
H1, 2017-07-17 01:17:45,629     INFO    iter 18 / 99
H1, 2017-07-17 01:17:45,837     INFO    iter 19 / 99
H1, 2017-07-17 01:17:46,125     INFO    iter 20 / 99
H1, 2017-07-17 01:17:46,417     INFO    iter 21 / 99
H1, 2017-07-17 01:17:46,712     INFO    iter 22 / 99
H1, 2017-07-17 01:17:47,003     INFO    iter 23 / 99
H1, 2017-07-17 01:17:47,302     INFO    iter 24 / 99
H1, 2017-07-17 01:17:47,597     INFO    iter 25 / 99
H1, 2017-07-17 01:17:47,898     INFO    iter 26 / 99
H1, 2017-07-17 01:17:48,209     INFO    iter 27 / 99
H1, 2017-07-17 01:17:48,515     INFO    iter 28 / 99
H1, 2017-07-17 01:17:48,814     INFO    iter 29 / 99
H1, 2017-07-17 01:17:49,122     INFO    iter 30 / 99
H1, 2017-07-17 01:17:49,449     INFO    iter 31 / 99
H1, 2017-07-17 01:17:49,752     INFO    iter 32 / 99
H1, 2017-07-17 01:17:50,052     INFO    iter 33 / 99
H1, 2017-07-17 01:17:50,360     INFO    iter 34 / 99
H1, 2017-07-17 01:17:50,666     INFO    iter 35 / 99
H1, 2017-07-17 01:17:50,875     INFO    iter 36 / 99
H1, 2017-07-17 01:17:51,064     INFO    iter 37 / 99
H1, 2017-07-17 01:17:51,254     INFO    iter 38 / 99
H1, 2017-07-17 01:17:51,527     INFO    iter 39 / 99
H1, 2017-07-17 01:17:51,812     INFO    iter 40 / 99
H1, 2017-07-17 01:17:52,125     INFO    iter 41 / 99
H1, 2017-07-17 01:17:52,441     INFO    iter 42 / 99
H1, 2017-07-17 01:17:52,753     INFO    iter 43 / 99
H1, 2017-07-17 01:17:53,062     INFO    iter 44 / 99
H1, 2017-07-17 01:17:53,373     INFO    iter 45 / 99
H1, 2017-07-17 01:17:53,686     INFO    iter 46 / 99
H1, 2017-07-17 01:17:53,988     INFO    iter 47 / 99
H1, 2017-07-17 01:17:54,201     INFO    iter 48 / 99
H1, 2017-07-17 01:17:54,480     INFO    iter 49 / 99
H1, 2017-07-17 01:17:54,788     INFO    iter 50 / 99
H1, 2017-07-17 01:17:55,096     INFO    iter 51 / 99
H1, 2017-07-17 01:17:55,415     INFO    iter 52 / 99
H1, 2017-07-17 01:17:55,729     INFO    iter 53 / 99
H1, 2017-07-17 01:17:56,045     INFO    iter 54 / 99
H1, 2017-07-17 01:17:56,354     INFO    iter 55 / 99
H1, 2017-07-17 01:17:56,567     INFO    iter 56 / 99
H1, 2017-07-17 01:17:56,867     INFO    iter 57 / 99
H1, 2017-07-17 01:17:57,174     INFO    iter 58 / 99
H1, 2017-07-17 01:17:57,485     INFO    iter 59 / 99
H1, 2017-07-17 01:17:57,798     INFO    iter 60 / 99
H1, 2017-07-17 01:17:58,101     INFO    iter 61 / 99
H1, 2017-07-17 01:17:58,408     INFO    iter 62 / 99
H1, 2017-07-17 01:17:58,709     INFO    iter 63 / 99
H1, 2017-07-17 01:17:58,918     INFO    iter 64 / 99
H1, 2017-07-17 01:17:59,106     INFO    iter 65 / 99
H1, 2017-07-17 01:17:59,396     INFO    iter 66 / 99
H1, 2017-07-17 01:17:59,692     INFO    iter 67 / 99
H1, 2017-07-17 01:17:59,998     INFO    iter 68 / 99
H1, 2017-07-17 01:18:00,305     INFO    iter 69 / 99
H1, 2017-07-17 01:18:00,618     INFO    iter 70 / 99
H1, 2017-07-17 01:18:00,834     INFO    iter 71 / 99
H1, 2017-07-17 01:18:01,144     INFO    iter 72 / 99
H1, 2017-07-17 01:18:01,450     INFO    iter 73 / 99
H1, 2017-07-17 01:18:01,757     INFO    iter 74 / 99
H1, 2017-07-17 01:18:02,061     INFO    iter 75 / 99
H1, 2017-07-17 01:18:02,268     INFO    iter 76 / 99
H1, 2017-07-17 01:18:02,451     INFO    iter 77 / 99
H1, 2017-07-17 01:18:02,752     INFO    iter 78 / 99
H1, 2017-07-17 01:18:03,058     INFO    iter 79 / 99
H1, 2017-07-17 01:18:03,365     INFO    iter 80 / 99
H1, 2017-07-17 01:18:03,677     INFO    iter 81 / 99
H1, 2017-07-17 01:18:03,987     INFO    iter 82 / 99
H1, 2017-07-17 01:18:04,296     INFO    iter 83 / 99
H1, 2017-07-17 01:18:04,609     INFO    iter 84 / 99
H1, 2017-07-17 01:18:04,915     INFO    iter 85 / 99
H1, 2017-07-17 01:18:05,222     INFO    iter 86 / 99
H1, 2017-07-17 01:18:05,532     INFO    iter 87 / 99
H1, 2017-07-17 01:18:05,846     INFO    iter 88 / 99
H1, 2017-07-17 01:18:06,154     INFO    iter 89 / 99
H1, 2017-07-17 01:18:06,458     INFO    iter 90 / 99
H1, 2017-07-17 01:18:06,773     INFO    iter 91 / 99
H1, 2017-07-17 01:18:07,088     INFO    iter 92 / 99
H1, 2017-07-17 01:18:07,387     INFO    iter 93 / 99
H1, 2017-07-17 01:18:07,674     INFO    iter 94 / 99
H1, 2017-07-17 01:18:07,992     INFO    iter 95 / 99
H1, 2017-07-17 01:18:08,205     INFO    iter 96 / 99
H1, 2017-07-17 01:18:08,494     INFO    iter 97 / 99
H1, 2017-07-17 01:18:08,789     INFO    iter 98 / 99
H1, 2017-07-17 01:18:09,087     INFO    iter 99 / 99
H1, 2017-07-17 01:18:09,395     INFO  training VSGD
H1, 2017-07-17 01:18:09,396     INFO   rounds 1 / 2
H1, 2017-07-17 01:18:09,605     INFO    iter 1 / 99
H1, 2017-07-17 01:18:09,897     INFO    iter 2 / 99
H1, 2017-07-17 01:18:10,200     INFO    iter 3 / 99
H1, 2017-07-17 01:18:10,510     INFO    iter 4 / 99
H1, 2017-07-17 01:18:10,820     INFO    iter 5 / 99
H1, 2017-07-17 01:18:11,137     INFO    iter 6 / 99
H1, 2017-07-17 01:18:11,447     INFO    iter 7 / 99
H1, 2017-07-17 01:18:11,759     INFO    iter 8 / 99
H1, 2017-07-17 01:18:12,066     INFO    iter 9 / 99
H1, 2017-07-17 01:18:12,370     INFO    iter 10 / 99
H1, 2017-07-17 01:18:12,676     INFO    iter 11 / 99
H1, 2017-07-17 01:18:12,992     INFO    iter 12 / 99
H1, 2017-07-17 01:18:13,298     INFO    iter 13 / 99
H1, 2017-07-17 01:18:13,622     INFO    iter 14 / 99
H1, 2017-07-17 01:18:13,924     INFO    iter 15 / 99
H1, 2017-07-17 01:18:14,223     INFO    iter 16 / 99
H1, 2017-07-17 01:18:14,517     INFO    iter 17 / 99
H1, 2017-07-17 01:18:14,834     INFO    iter 18 / 99
H1, 2017-07-17 01:18:15,143     INFO    iter 19 / 99
H1, 2017-07-17 01:18:15,432     INFO    iter 20 / 99
H1, 2017-07-17 01:18:15,741     INFO    iter 21 / 99
H1, 2017-07-17 01:18:16,038     INFO    iter 22 / 99
H1, 2017-07-17 01:18:16,348     INFO    iter 23 / 99
H1, 2017-07-17 01:18:16,658     INFO    iter 24 / 99
H1, 2017-07-17 01:18:16,944     INFO    iter 25 / 99
H1, 2017-07-17 01:18:17,266     INFO    iter 26 / 99
H1, 2017-07-17 01:18:17,574     INFO    iter 27 / 99
H1, 2017-07-17 01:18:17,883     INFO    iter 28 / 99
H1, 2017-07-17 01:18:18,197     INFO    iter 29 / 99
H1, 2017-07-17 01:18:18,504     INFO    iter 30 / 99
H1, 2017-07-17 01:18:18,813     INFO    iter 31 / 99
H1, 2017-07-17 01:18:19,122     INFO    iter 32 / 99
H1, 2017-07-17 01:18:19,427     INFO    iter 33 / 99
H1, 2017-07-17 01:18:19,721     INFO    iter 34 / 99
H1, 2017-07-17 01:18:20,018     INFO    iter 35 / 99
H1, 2017-07-17 01:18:20,308     INFO    iter 36 / 99
H1, 2017-07-17 01:18:20,613     INFO    iter 37 / 99
H1, 2017-07-17 01:18:20,909     INFO    iter 38 / 99
H1, 2017-07-17 01:18:21,200     INFO    iter 39 / 99
H1, 2017-07-17 01:18:21,514     INFO    iter 40 / 99
H1, 2017-07-17 01:18:21,826     INFO    iter 41 / 99
H1, 2017-07-17 01:18:22,136     INFO    iter 42 / 99
H1, 2017-07-17 01:18:22,448     INFO    iter 43 / 99
H1, 2017-07-17 01:18:22,755     INFO    iter 44 / 99
H1, 2017-07-17 01:18:23,064     INFO    iter 45 / 99
H1, 2017-07-17 01:18:23,370     INFO    iter 46 / 99
H1, 2017-07-17 01:18:23,681     INFO    iter 47 / 99
H1, 2017-07-17 01:18:23,982     INFO    iter 48 / 99
H1, 2017-07-17 01:18:24,290     INFO    iter 49 / 99
H1, 2017-07-17 01:18:24,602     INFO    iter 50 / 99
H1, 2017-07-17 01:18:24,916     INFO    iter 51 / 99
H1, 2017-07-17 01:18:25,233     INFO    iter 52 / 99
H1, 2017-07-17 01:18:25,541     INFO    iter 53 / 99
H1, 2017-07-17 01:18:25,866     INFO    iter 54 / 99
H1, 2017-07-17 01:18:26,162     INFO    iter 55 / 99
H1, 2017-07-17 01:18:26,486     INFO    iter 56 / 99
H1, 2017-07-17 01:18:26,791     INFO    iter 57 / 99
H1, 2017-07-17 01:18:27,093     INFO    iter 58 / 99
H1, 2017-07-17 01:18:27,394     INFO    iter 59 / 99
H1, 2017-07-17 01:18:27,685     INFO    iter 60 / 99
H1, 2017-07-17 01:18:27,977     INFO    iter 61 / 99
H1, 2017-07-17 01:18:28,286     INFO    iter 62 / 99
H1, 2017-07-17 01:18:28,598     INFO    iter 63 / 99
H1, 2017-07-17 01:18:28,904     INFO    iter 64 / 99
H1, 2017-07-17 01:18:29,214     INFO    iter 65 / 99
H1, 2017-07-17 01:18:29,536     INFO    iter 66 / 99
H1, 2017-07-17 01:18:29,849     INFO    iter 67 / 99
H1, 2017-07-17 01:18:30,154     INFO    iter 68 / 99
H1, 2017-07-17 01:18:30,466     INFO    iter 69 / 99
H1, 2017-07-17 01:18:30,790     INFO    iter 70 / 99
H1, 2017-07-17 01:18:31,104     INFO    iter 71 / 99
H1, 2017-07-17 01:18:31,408     INFO    iter 72 / 99
H1, 2017-07-17 01:18:31,701     INFO    iter 73 / 99
H1, 2017-07-17 01:18:32,013     INFO    iter 74 / 99
H1, 2017-07-17 01:18:32,326     INFO    iter 75 / 99
H1, 2017-07-17 01:18:32,641     INFO    iter 76 / 99
H1, 2017-07-17 01:18:32,940     INFO    iter 77 / 99
H1, 2017-07-17 01:18:33,245     INFO    iter 78 / 99
H1, 2017-07-17 01:18:33,557     INFO    iter 79 / 99
H1, 2017-07-17 01:18:33,858     INFO    iter 80 / 99
H1, 2017-07-17 01:18:34,168     INFO    iter 81 / 99
H1, 2017-07-17 01:18:34,486     INFO    iter 82 / 99
H1, 2017-07-17 01:18:34,800     INFO    iter 83 / 99
H1, 2017-07-17 01:18:35,109     INFO    iter 84 / 99
H1, 2017-07-17 01:18:35,418     INFO    iter 85 / 99
H1, 2017-07-17 01:18:35,722     INFO    iter 86 / 99
H1, 2017-07-17 01:18:36,028     INFO    iter 87 / 99
H1, 2017-07-17 01:18:36,346     INFO    iter 88 / 99
H1, 2017-07-17 01:18:36,657     INFO    iter 89 / 99
H1, 2017-07-17 01:18:36,969     INFO    iter 90 / 99
H1, 2017-07-17 01:18:37,272     INFO    iter 91 / 99
H1, 2017-07-17 01:18:37,586     INFO    iter 92 / 99
H1, 2017-07-17 01:18:37,883     INFO    iter 93 / 99
H1, 2017-07-17 01:18:38,195     INFO    iter 94 / 99
H1, 2017-07-17 01:18:38,502     INFO    iter 95 / 99
H1, 2017-07-17 01:18:38,805     INFO    iter 96 / 99
H1, 2017-07-17 01:18:39,117     INFO    iter 97 / 99
H1, 2017-07-17 01:18:39,426     INFO    iter 98 / 99
H1, 2017-07-17 01:18:39,726     INFO    iter 99 / 99
H1, 2017-07-17 01:18:40,041     INFO   rounds 2 / 2
H1, 2017-07-17 01:18:40,253     INFO    iter 1 / 99
H1, 2017-07-17 01:18:40,538     INFO    iter 2 / 99
H1, 2017-07-17 01:18:40,848     INFO    iter 3 / 99
H1, 2017-07-17 01:18:41,162     INFO    iter 4 / 99
H1, 2017-07-17 01:18:41,481     INFO    iter 5 / 99
H1, 2017-07-17 01:18:41,797     INFO    iter 6 / 99
H1, 2017-07-17 01:18:42,104     INFO    iter 7 / 99
H1, 2017-07-17 01:18:42,414     INFO    iter 8 / 99
H1, 2017-07-17 01:18:42,725     INFO    iter 9 / 99
H1, 2017-07-17 01:18:43,057     INFO    iter 10 / 99
H1, 2017-07-17 01:18:43,360     INFO    iter 11 / 99
H1, 2017-07-17 01:18:43,661     INFO    iter 12 / 99
H1, 2017-07-17 01:18:43,981     INFO    iter 13 / 99
H1, 2017-07-17 01:18:44,302     INFO    iter 14 / 99
H1, 2017-07-17 01:18:44,632     INFO    iter 15 / 99
H1, 2017-07-17 01:18:44,937     INFO    iter 16 / 99
H1, 2017-07-17 01:18:45,249     INFO    iter 17 / 99
H1, 2017-07-17 01:18:45,563     INFO    iter 18 / 99
H1, 2017-07-17 01:18:45,870     INFO    iter 19 / 99
H1, 2017-07-17 01:18:46,162     INFO    iter 20 / 99
H1, 2017-07-17 01:18:46,441     INFO    iter 21 / 99
H1, 2017-07-17 01:18:46,724     INFO    iter 22 / 99
H1, 2017-07-17 01:18:47,034     INFO    iter 23 / 99
H1, 2017-07-17 01:18:47,352     INFO    iter 24 / 99
H1, 2017-07-17 01:18:47,669     INFO    iter 25 / 99
H1, 2017-07-17 01:18:47,979     INFO    iter 26 / 99
H1, 2017-07-17 01:18:48,296     INFO    iter 27 / 99
H1, 2017-07-17 01:18:48,606     INFO    iter 28 / 99
H1, 2017-07-17 01:18:48,926     INFO    iter 29 / 99
H1, 2017-07-17 01:18:49,233     INFO    iter 30 / 99
H1, 2017-07-17 01:18:49,544     INFO    iter 31 / 99
H1, 2017-07-17 01:18:49,860     INFO    iter 32 / 99
H1, 2017-07-17 01:18:50,175     INFO    iter 33 / 99
H1, 2017-07-17 01:18:50,473     INFO    iter 34 / 99
H1, 2017-07-17 01:18:50,798     INFO    iter 35 / 99
H1, 2017-07-17 01:18:51,126     INFO    iter 36 / 99
H1, 2017-07-17 01:18:51,430     INFO    iter 37 / 99
H1, 2017-07-17 01:18:51,745     INFO    iter 38 / 99
H1, 2017-07-17 01:18:52,051     INFO    iter 39 / 99
H1, 2017-07-17 01:18:52,361     INFO    iter 40 / 99
H1, 2017-07-17 01:18:52,676     INFO    iter 41 / 99
H1, 2017-07-17 01:18:52,992     INFO    iter 42 / 99
H1, 2017-07-17 01:18:53,306     INFO    iter 43 / 99
H1, 2017-07-17 01:18:53,610     INFO    iter 44 / 99
H1, 2017-07-17 01:18:53,908     INFO    iter 45 / 99
H1, 2017-07-17 01:18:54,215     INFO    iter 46 / 99
H1, 2017-07-17 01:18:54,524     INFO    iter 47 / 99
H1, 2017-07-17 01:18:54,843     INFO    iter 48 / 99
H1, 2017-07-17 01:18:55,148     INFO    iter 49 / 99
H1, 2017-07-17 01:18:55,463     INFO    iter 50 / 99
H1, 2017-07-17 01:18:55,778     INFO    iter 51 / 99
H1, 2017-07-17 01:18:56,089     INFO    iter 52 / 99
H1, 2017-07-17 01:18:56,396     INFO    iter 53 / 99
H1, 2017-07-17 01:18:56,692     INFO    iter 54 / 99
H1, 2017-07-17 01:18:57,001     INFO    iter 55 / 99
H1, 2017-07-17 01:18:57,305     INFO    iter 56 / 99
H1, 2017-07-17 01:18:57,620     INFO    iter 57 / 99
H1, 2017-07-17 01:18:57,931     INFO    iter 58 / 99
H1, 2017-07-17 01:18:58,249     INFO    iter 59 / 99
H1, 2017-07-17 01:18:58,560     INFO    iter 60 / 99
H1, 2017-07-17 01:18:58,871     INFO    iter 61 / 99
H1, 2017-07-17 01:18:59,177     INFO    iter 62 / 99
H1, 2017-07-17 01:18:59,478     INFO    iter 63 / 99
H1, 2017-07-17 01:18:59,777     INFO    iter 64 / 99
H1, 2017-07-17 01:19:00,074     INFO    iter 65 / 99
H1, 2017-07-17 01:19:00,377     INFO    iter 66 / 99
H1, 2017-07-17 01:19:00,684     INFO    iter 67 / 99
H1, 2017-07-17 01:19:00,973     INFO    iter 68 / 99
H1, 2017-07-17 01:19:01,289     INFO    iter 69 / 99
H1, 2017-07-17 01:19:01,592     INFO    iter 70 / 99
H1, 2017-07-17 01:19:01,896     INFO    iter 71 / 99
H1, 2017-07-17 01:19:02,206     INFO    iter 72 / 99
H1, 2017-07-17 01:19:02,514     INFO    iter 73 / 99
H1, 2017-07-17 01:19:02,815     INFO    iter 74 / 99
H1, 2017-07-17 01:19:03,108     INFO    iter 75 / 99
H1, 2017-07-17 01:19:03,411     INFO    iter 76 / 99
H1, 2017-07-17 01:19:03,710     INFO    iter 77 / 99
H1, 2017-07-17 01:19:04,018     INFO    iter 78 / 99
H1, 2017-07-17 01:19:04,327     INFO    iter 79 / 99
H1, 2017-07-17 01:19:04,645     INFO    iter 80 / 99
H1, 2017-07-17 01:19:04,958     INFO    iter 81 / 99
H1, 2017-07-17 01:19:05,268     INFO    iter 82 / 99
H1, 2017-07-17 01:19:05,584     INFO    iter 83 / 99
H1, 2017-07-17 01:19:05,898     INFO    iter 84 / 99
H1, 2017-07-17 01:19:06,212     INFO    iter 85 / 99
H1, 2017-07-17 01:19:06,512     INFO    iter 86 / 99
H1, 2017-07-17 01:19:06,820     INFO    iter 87 / 99
H1, 2017-07-17 01:19:07,110     INFO    iter 88 / 99
H1, 2017-07-17 01:19:07,417     INFO    iter 89 / 99
H1, 2017-07-17 01:19:07,730     INFO    iter 90 / 99
H1, 2017-07-17 01:19:08,038     INFO    iter 91 / 99
H1, 2017-07-17 01:19:08,342     INFO    iter 92 / 99
H1, 2017-07-17 01:19:08,656     INFO    iter 93 / 99
H1, 2017-07-17 01:19:08,966     INFO    iter 94 / 99
H1, 2017-07-17 01:19:09,270     INFO    iter 95 / 99
H1, 2017-07-17 01:19:09,588     INFO    iter 96 / 99
H1, 2017-07-17 01:19:09,887     INFO    iter 97 / 99
H1, 2017-07-17 01:19:10,181     INFO    iter 98 / 99
H1, 2017-07-17 01:19:10,474     INFO    iter 99 / 99
H1, 2017-07-17 01:19:10,783     INFO  training AdaGrad
H1, 2017-07-17 01:19:10,784     INFO   rounds 1 / 2
H1, 2017-07-17 01:19:10,989     INFO    iter 1 / 99
H1, 2017-07-17 01:19:11,283     INFO    iter 2 / 99
H1, 2017-07-17 01:19:11,601     INFO    iter 3 / 99
H1, 2017-07-17 01:19:11,919     INFO    iter 4 / 99
H1, 2017-07-17 01:19:12,223     INFO    iter 5 / 99
H1, 2017-07-17 01:19:12,534     INFO    iter 6 / 99
H1, 2017-07-17 01:19:12,834     INFO    iter 7 / 99
H1, 2017-07-17 01:19:13,141     INFO    iter 8 / 99
H1, 2017-07-17 01:19:13,470     INFO    iter 9 / 99
H1, 2017-07-17 01:19:13,778     INFO    iter 10 / 99
H1, 2017-07-17 01:19:14,076     INFO    iter 11 / 99
H1, 2017-07-17 01:19:14,380     INFO    iter 12 / 99
H1, 2017-07-17 01:19:14,692     INFO    iter 13 / 99
H1, 2017-07-17 01:19:15,004     INFO    iter 14 / 99
H1, 2017-07-17 01:19:15,317     INFO    iter 15 / 99
H1, 2017-07-17 01:19:15,640     INFO    iter 16 / 99
H1, 2017-07-17 01:19:15,935     INFO    iter 17 / 99
H1, 2017-07-17 01:19:16,261     INFO    iter 18 / 99
H1, 2017-07-17 01:19:16,569     INFO    iter 19 / 99
H1, 2017-07-17 01:19:16,878     INFO    iter 20 / 99
H1, 2017-07-17 01:19:17,171     INFO    iter 21 / 99
H1, 2017-07-17 01:19:17,489     INFO    iter 22 / 99
H1, 2017-07-17 01:19:17,800     INFO    iter 23 / 99
H1, 2017-07-17 01:19:18,109     INFO    iter 24 / 99
H1, 2017-07-17 01:19:18,404     INFO    iter 25 / 99
H1, 2017-07-17 01:19:18,703     INFO    iter 26 / 99
H1, 2017-07-17 01:19:18,989     INFO    iter 27 / 99
H1, 2017-07-17 01:19:19,293     INFO    iter 28 / 99
H1, 2017-07-17 01:19:19,591     INFO    iter 29 / 99
H1, 2017-07-17 01:19:19,899     INFO    iter 30 / 99
H1, 2017-07-17 01:19:20,205     INFO    iter 31 / 99
H1, 2017-07-17 01:19:20,516     INFO    iter 32 / 99
H1, 2017-07-17 01:19:20,809     INFO    iter 33 / 99
H1, 2017-07-17 01:19:21,096     INFO    iter 34 / 99
H1, 2017-07-17 01:19:21,384     INFO    iter 35 / 99
H1, 2017-07-17 01:19:21,671     INFO    iter 36 / 99
H1, 2017-07-17 01:19:21,955     INFO    iter 37 / 99
H1, 2017-07-17 01:19:22,249     INFO    iter 38 / 99
H1, 2017-07-17 01:19:22,565     INFO    iter 39 / 99
H1, 2017-07-17 01:19:22,877     INFO    iter 40 / 99
H1, 2017-07-17 01:19:23,182     INFO    iter 41 / 99
H1, 2017-07-17 01:19:23,488     INFO    iter 42 / 99
H1, 2017-07-17 01:19:23,788     INFO    iter 43 / 99
H1, 2017-07-17 01:19:24,108     INFO    iter 44 / 99
H1, 2017-07-17 01:19:24,422     INFO    iter 45 / 99
H1, 2017-07-17 01:19:24,736     INFO    iter 46 / 99
H1, 2017-07-17 01:19:25,048     INFO    iter 47 / 99
H1, 2017-07-17 01:19:25,350     INFO    iter 48 / 99
H1, 2017-07-17 01:19:25,659     INFO    iter 49 / 99
H1, 2017-07-17 01:19:25,966     INFO    iter 50 / 99
H1, 2017-07-17 01:19:26,284     INFO    iter 51 / 99
H1, 2017-07-17 01:19:26,600     INFO    iter 52 / 99
H1, 2017-07-17 01:19:26,913     INFO    iter 53 / 99
H1, 2017-07-17 01:19:27,215     INFO    iter 54 / 99
H1, 2017-07-17 01:19:27,517     INFO    iter 55 / 99
H1, 2017-07-17 01:19:27,831     INFO    iter 56 / 99
H1, 2017-07-17 01:19:28,128     INFO    iter 57 / 99
H1, 2017-07-17 01:19:28,447     INFO    iter 58 / 99
H1, 2017-07-17 01:19:28,755     INFO    iter 59 / 99
H1, 2017-07-17 01:19:29,069     INFO    iter 60 / 99
H1, 2017-07-17 01:19:29,379     INFO    iter 61 / 99
H1, 2017-07-17 01:19:29,689     INFO    iter 62 / 99
H1, 2017-07-17 01:19:29,998     INFO    iter 63 / 99
H1, 2017-07-17 01:19:30,306     INFO    iter 64 / 99
H1, 2017-07-17 01:19:30,613     INFO    iter 65 / 99
H1, 2017-07-17 01:19:30,927     INFO    iter 66 / 99
H1, 2017-07-17 01:19:31,227     INFO    iter 67 / 99
H1, 2017-07-17 01:19:31,537     INFO    iter 68 / 99
H1, 2017-07-17 01:19:31,854     INFO    iter 69 / 99
H1, 2017-07-17 01:19:32,162     INFO    iter 70 / 99
H1, 2017-07-17 01:19:32,470     INFO    iter 71 / 99
H1, 2017-07-17 01:19:32,773     INFO    iter 72 / 99
H1, 2017-07-17 01:19:33,083     INFO    iter 73 / 99
H1, 2017-07-17 01:19:33,402     INFO    iter 74 / 99
H1, 2017-07-17 01:19:33,715     INFO    iter 75 / 99
H1, 2017-07-17 01:19:34,025     INFO    iter 76 / 99
H1, 2017-07-17 01:19:34,329     INFO    iter 77 / 99
H1, 2017-07-17 01:19:34,638     INFO    iter 78 / 99
H1, 2017-07-17 01:19:34,948     INFO    iter 79 / 99
H1, 2017-07-17 01:19:35,270     INFO    iter 80 / 99
H1, 2017-07-17 01:19:35,584     INFO    iter 81 / 99
H1, 2017-07-17 01:19:35,872     INFO    iter 82 / 99
H1, 2017-07-17 01:19:36,170     INFO    iter 83 / 99
H1, 2017-07-17 01:19:36,487     INFO    iter 84 / 99
H1, 2017-07-17 01:19:36,797     INFO    iter 85 / 99
H1, 2017-07-17 01:19:37,110     INFO    iter 86 / 99
H1, 2017-07-17 01:19:37,426     INFO    iter 87 / 99
H1, 2017-07-17 01:19:37,737     INFO    iter 88 / 99
H1, 2017-07-17 01:19:38,051     INFO    iter 89 / 99
H1, 2017-07-17 01:19:38,351     INFO    iter 90 / 99
H1, 2017-07-17 01:19:38,654     INFO    iter 91 / 99
H1, 2017-07-17 01:19:38,962     INFO    iter 92 / 99
H1, 2017-07-17 01:19:39,276     INFO    iter 93 / 99
H1, 2017-07-17 01:19:39,592     INFO    iter 94 / 99
H1, 2017-07-17 01:19:39,900     INFO    iter 95 / 99
H1, 2017-07-17 01:19:40,206     INFO    iter 96 / 99
H1, 2017-07-17 01:19:40,526     INFO    iter 97 / 99
H1, 2017-07-17 01:19:40,838     INFO    iter 98 / 99
H1, 2017-07-17 01:19:41,147     INFO    iter 99 / 99
H1, 2017-07-17 01:19:41,465     INFO   rounds 2 / 2
H1, 2017-07-17 01:19:41,678     INFO    iter 1 / 99
H1, 2017-07-17 01:19:41,971     INFO    iter 2 / 99
H1, 2017-07-17 01:19:42,284     INFO    iter 3 / 99
H1, 2017-07-17 01:19:42,589     INFO    iter 4 / 99
H1, 2017-07-17 01:19:42,888     INFO    iter 5 / 99
H1, 2017-07-17 01:19:43,192     INFO    iter 6 / 99
H1, 2017-07-17 01:19:43,484     INFO    iter 7 / 99
H1, 2017-07-17 01:19:43,764     INFO    iter 8 / 99
H1, 2017-07-17 01:19:44,065     INFO    iter 9 / 99
H1, 2017-07-17 01:19:44,375     INFO    iter 10 / 99
H1, 2017-07-17 01:19:44,692     INFO    iter 11 / 99
H1, 2017-07-17 01:19:45,006     INFO    iter 12 / 99
H1, 2017-07-17 01:19:45,322     INFO    iter 13 / 99
H1, 2017-07-17 01:19:45,631     INFO    iter 14 / 99
H1, 2017-07-17 01:19:45,958     INFO    iter 15 / 99
H1, 2017-07-17 01:19:46,260     INFO    iter 16 / 99
H1, 2017-07-17 01:19:46,551     INFO    iter 17 / 99
H1, 2017-07-17 01:19:46,843     INFO    iter 18 / 99
H1, 2017-07-17 01:19:47,149     INFO    iter 19 / 99
H1, 2017-07-17 01:19:47,458     INFO    iter 20 / 99
H1, 2017-07-17 01:19:47,774     INFO    iter 21 / 99
H1, 2017-07-17 01:19:48,075     INFO    iter 22 / 99
H1, 2017-07-17 01:19:48,389     INFO    iter 23 / 99
H1, 2017-07-17 01:19:48,700     INFO    iter 24 / 99
H1, 2017-07-17 01:19:49,001     INFO    iter 25 / 99
H1, 2017-07-17 01:19:49,304     INFO    iter 26 / 99
H1, 2017-07-17 01:19:49,623     INFO    iter 27 / 99
H1, 2017-07-17 01:19:49,925     INFO    iter 28 / 99
H1, 2017-07-17 01:19:50,229     INFO    iter 29 / 99
H1, 2017-07-17 01:19:50,533     INFO    iter 30 / 99
H1, 2017-07-17 01:19:50,841     INFO    iter 31 / 99
H1, 2017-07-17 01:19:51,161     INFO    iter 32 / 99
H1, 2017-07-17 01:19:51,485     INFO    iter 33 / 99
H1, 2017-07-17 01:19:51,788     INFO    iter 34 / 99
H1, 2017-07-17 01:19:52,080     INFO    iter 35 / 99
H1, 2017-07-17 01:19:52,396     INFO    iter 36 / 99
H1, 2017-07-17 01:19:52,708     INFO    iter 37 / 99
H1, 2017-07-17 01:19:53,022     INFO    iter 38 / 99
H1, 2017-07-17 01:19:53,330     INFO    iter 39 / 99
H1, 2017-07-17 01:19:53,629     INFO    iter 40 / 99
H1, 2017-07-17 01:19:53,934     INFO    iter 41 / 99
H1, 2017-07-17 01:19:54,249     INFO    iter 42 / 99
H1, 2017-07-17 01:19:54,555     INFO    iter 43 / 99
H1, 2017-07-17 01:19:54,859     INFO    iter 44 / 99
H1, 2017-07-17 01:19:55,173     INFO    iter 45 / 99
H1, 2017-07-17 01:19:55,488     INFO    iter 46 / 99
H1, 2017-07-17 01:19:55,788     INFO    iter 47 / 99
H1, 2017-07-17 01:19:56,093     INFO    iter 48 / 99
H1, 2017-07-17 01:19:56,399     INFO    iter 49 / 99
H1, 2017-07-17 01:19:56,720     INFO    iter 50 / 99
H1, 2017-07-17 01:19:57,031     INFO    iter 51 / 99
H1, 2017-07-17 01:19:57,326     INFO    iter 52 / 99
H1, 2017-07-17 01:19:57,638     INFO    iter 53 / 99
H1, 2017-07-17 01:19:57,949     INFO    iter 54 / 99
H1, 2017-07-17 01:19:58,264     INFO    iter 55 / 99
H1, 2017-07-17 01:19:58,565     INFO    iter 56 / 99
H1, 2017-07-17 01:19:58,877     INFO    iter 57 / 99
H1, 2017-07-17 01:19:59,180     INFO    iter 58 / 99
H1, 2017-07-17 01:19:59,504     INFO    iter 59 / 99
H1, 2017-07-17 01:19:59,815     INFO    iter 60 / 99
H1, 2017-07-17 01:20:00,118     INFO    iter 61 / 99
H1, 2017-07-17 01:20:00,422     INFO    iter 62 / 99
H1, 2017-07-17 01:20:00,737     INFO    iter 63 / 99
H1, 2017-07-17 01:20:01,039     INFO    iter 64 / 99
H1, 2017-07-17 01:20:01,352     INFO    iter 65 / 99
H1, 2017-07-17 01:20:01,656     INFO    iter 66 / 99
H1, 2017-07-17 01:20:01,961     INFO    iter 67 / 99
H1, 2017-07-17 01:20:02,261     INFO    iter 68 / 99
H1, 2017-07-17 01:20:02,580     INFO    iter 69 / 99
H1, 2017-07-17 01:20:02,906     INFO    iter 70 / 99
H1, 2017-07-17 01:20:03,209     INFO    iter 71 / 99
H1, 2017-07-17 01:20:03,520     INFO    iter 72 / 99
H1, 2017-07-17 01:20:03,826     INFO    iter 73 / 99
H1, 2017-07-17 01:20:04,114     INFO    iter 74 / 99
H1, 2017-07-17 01:20:04,428     INFO    iter 75 / 99
H1, 2017-07-17 01:20:04,731     INFO    iter 76 / 99
H1, 2017-07-17 01:20:05,028     INFO    iter 77 / 99
H1, 2017-07-17 01:20:05,328     INFO    iter 78 / 99
H1, 2017-07-17 01:20:05,632     INFO    iter 79 / 99
H1, 2017-07-17 01:20:05,945     INFO    iter 80 / 99
H1, 2017-07-17 01:20:06,246     INFO    iter 81 / 99
H1, 2017-07-17 01:20:06,554     INFO    iter 82 / 99
H1, 2017-07-17 01:20:06,859     INFO    iter 83 / 99
H1, 2017-07-17 01:20:07,170     INFO    iter 84 / 99
H1, 2017-07-17 01:20:07,487     INFO    iter 85 / 99
H1, 2017-07-17 01:20:07,796     INFO    iter 86 / 99
H1, 2017-07-17 01:20:08,102     INFO    iter 87 / 99
H1, 2017-07-17 01:20:08,417     INFO    iter 88 / 99
H1, 2017-07-17 01:20:08,727     INFO    iter 89 / 99
H1, 2017-07-17 01:20:09,045     INFO    iter 90 / 99
H1, 2017-07-17 01:20:09,354     INFO    iter 91 / 99
H1, 2017-07-17 01:20:09,670     INFO    iter 92 / 99
H1, 2017-07-17 01:20:09,972     INFO    iter 93 / 99
H1, 2017-07-17 01:20:10,287     INFO    iter 94 / 99
H1, 2017-07-17 01:20:10,590     INFO    iter 95 / 99
H1, 2017-07-17 01:20:10,897     INFO    iter 96 / 99
H1, 2017-07-17 01:20:11,193     INFO    iter 97 / 99
H1, 2017-07-17 01:20:11,479     INFO    iter 98 / 99
H1, 2017-07-17 01:20:11,764     INFO    iter 99 / 99
H1, 2017-07-17 01:20:12,067     INFO  training RMSprop
H1, 2017-07-17 01:20:12,067     INFO   rounds 1 / 2
H1, 2017-07-17 01:20:12,268     INFO    iter 1 / 99
H1, 2017-07-17 01:20:12,552     INFO    iter 2 / 99
H1, 2017-07-17 01:20:12,862     INFO    iter 3 / 99
H1, 2017-07-17 01:20:13,169     INFO    iter 4 / 99
H1, 2017-07-17 01:20:13,480     INFO    iter 5 / 99
H1, 2017-07-17 01:20:13,788     INFO    iter 6 / 99
H1, 2017-07-17 01:20:14,098     INFO    iter 7 / 99
H1, 2017-07-17 01:20:14,397     INFO    iter 8 / 99
H1, 2017-07-17 01:20:14,690     INFO    iter 9 / 99
H1, 2017-07-17 01:20:14,981     INFO    iter 10 / 99
H1, 2017-07-17 01:20:15,285     INFO    iter 11 / 99
H1, 2017-07-17 01:20:15,579     INFO    iter 12 / 99
H1, 2017-07-17 01:20:15,888     INFO    iter 13 / 99
H1, 2017-07-17 01:20:16,180     INFO    iter 14 / 99
H1, 2017-07-17 01:20:16,486     INFO    iter 15 / 99
H1, 2017-07-17 01:20:16,785     INFO    iter 16 / 99
H1, 2017-07-17 01:20:17,087     INFO    iter 17 / 99
H1, 2017-07-17 01:20:17,389     INFO    iter 18 / 99
H1, 2017-07-17 01:20:17,701     INFO    iter 19 / 99
H1, 2017-07-17 01:20:18,025     INFO    iter 20 / 99
H1, 2017-07-17 01:20:18,330     INFO    iter 21 / 99
H1, 2017-07-17 01:20:18,630     INFO    iter 22 / 99
H1, 2017-07-17 01:20:18,923     INFO    iter 23 / 99
H1, 2017-07-17 01:20:19,234     INFO    iter 24 / 99
H1, 2017-07-17 01:20:19,547     INFO    iter 25 / 99
H1, 2017-07-17 01:20:19,857     INFO    iter 26 / 99
H1, 2017-07-17 01:20:20,145     INFO    iter 27 / 99
H1, 2017-07-17 01:20:20,450     INFO    iter 28 / 99
H1, 2017-07-17 01:20:20,770     INFO    iter 29 / 99
H1, 2017-07-17 01:20:21,082     INFO    iter 30 / 99
H1, 2017-07-17 01:20:21,386     INFO    iter 31 / 99
H1, 2017-07-17 01:20:21,695     INFO    iter 32 / 99
H1, 2017-07-17 01:20:22,010     INFO    iter 33 / 99
H1, 2017-07-17 01:20:22,321     INFO    iter 34 / 99
H1, 2017-07-17 01:20:22,614     INFO    iter 35 / 99
H1, 2017-07-17 01:20:22,902     INFO    iter 36 / 99
H1, 2017-07-17 01:20:23,197     INFO    iter 37 / 99
H1, 2017-07-17 01:20:23,496     INFO    iter 38 / 99
H1, 2017-07-17 01:20:23,811     INFO    iter 39 / 99
H1, 2017-07-17 01:20:24,127     INFO    iter 40 / 99
H1, 2017-07-17 01:20:24,429     INFO    iter 41 / 99
H1, 2017-07-17 01:20:24,735     INFO    iter 42 / 99
H1, 2017-07-17 01:20:25,043     INFO    iter 43 / 99
H1, 2017-07-17 01:20:25,357     INFO    iter 44 / 99
H1, 2017-07-17 01:20:25,673     INFO    iter 45 / 99
H1, 2017-07-17 01:20:25,963     INFO    iter 46 / 99
H1, 2017-07-17 01:20:26,274     INFO    iter 47 / 99
H1, 2017-07-17 01:20:26,582     INFO    iter 48 / 99
H1, 2017-07-17 01:20:26,897     INFO    iter 49 / 99
H1, 2017-07-17 01:20:27,209     INFO    iter 50 / 99
H1, 2017-07-17 01:20:27,523     INFO    iter 51 / 99
H1, 2017-07-17 01:20:27,834     INFO    iter 52 / 99
H1, 2017-07-17 01:20:28,134     INFO    iter 53 / 99
H1, 2017-07-17 01:20:28,436     INFO    iter 54 / 99
H1, 2017-07-17 01:20:28,736     INFO    iter 55 / 99
H1, 2017-07-17 01:20:29,050     INFO    iter 56 / 99
H1, 2017-07-17 01:20:29,369     INFO    iter 57 / 99
H1, 2017-07-17 01:20:29,668     INFO    iter 58 / 99
H1, 2017-07-17 01:20:29,956     INFO    iter 59 / 99
H1, 2017-07-17 01:20:30,254     INFO    iter 60 / 99
H1, 2017-07-17 01:20:30,551     INFO    iter 61 / 99
H1, 2017-07-17 01:20:30,855     INFO    iter 62 / 99
H1, 2017-07-17 01:20:31,162     INFO    iter 63 / 99
H1, 2017-07-17 01:20:31,472     INFO    iter 64 / 99
H1, 2017-07-17 01:20:31,778     INFO    iter 65 / 99
H1, 2017-07-17 01:20:32,078     INFO    iter 66 / 99
H1, 2017-07-17 01:20:32,383     INFO    iter 67 / 99
H1, 2017-07-17 01:20:32,691     INFO    iter 68 / 99
H1, 2017-07-17 01:20:33,008     INFO    iter 69 / 99
H1, 2017-07-17 01:20:33,310     INFO    iter 70 / 99
H1, 2017-07-17 01:20:33,606     INFO    iter 71 / 99
H1, 2017-07-17 01:20:33,913     INFO    iter 72 / 99
H1, 2017-07-17 01:20:34,238     INFO    iter 73 / 99
H1, 2017-07-17 01:20:34,543     INFO    iter 74 / 99
H1, 2017-07-17 01:20:34,834     INFO    iter 75 / 99
H1, 2017-07-17 01:20:35,142     INFO    iter 76 / 99
H1, 2017-07-17 01:20:35,445     INFO    iter 77 / 99
H1, 2017-07-17 01:20:35,742     INFO    iter 78 / 99
H1, 2017-07-17 01:20:36,053     INFO    iter 79 / 99
H1, 2017-07-17 01:20:36,363     INFO    iter 80 / 99
H1, 2017-07-17 01:20:36,665     INFO    iter 81 / 99
H1, 2017-07-17 01:20:36,971     INFO    iter 82 / 99
H1, 2017-07-17 01:20:37,269     INFO    iter 83 / 99
H1, 2017-07-17 01:20:37,576     INFO    iter 84 / 99
H1, 2017-07-17 01:20:37,878     INFO    iter 85 / 99
H1, 2017-07-17 01:20:38,188     INFO    iter 86 / 99
H1, 2017-07-17 01:20:38,502     INFO    iter 87 / 99
H1, 2017-07-17 01:20:38,818     INFO    iter 88 / 99
H1, 2017-07-17 01:20:39,132     INFO    iter 89 / 99
H1, 2017-07-17 01:20:39,441     INFO    iter 90 / 99
H1, 2017-07-17 01:20:39,745     INFO    iter 91 / 99
H1, 2017-07-17 01:20:40,055     INFO    iter 92 / 99
H1, 2017-07-17 01:20:40,357     INFO    iter 93 / 99
H1, 2017-07-17 01:20:40,665     INFO    iter 94 / 99
H1, 2017-07-17 01:20:40,973     INFO    iter 95 / 99
H1, 2017-07-17 01:20:41,280     INFO    iter 96 / 99
H1, 2017-07-17 01:20:41,585     INFO    iter 97 / 99
H1, 2017-07-17 01:20:41,898     INFO    iter 98 / 99
H1, 2017-07-17 01:20:42,209     INFO    iter 99 / 99
H1, 2017-07-17 01:20:42,504     INFO   rounds 2 / 2
H1, 2017-07-17 01:20:42,644     INFO    iter 1 / 99
H1, 2017-07-17 01:20:42,937     INFO    iter 2 / 99
H1, 2017-07-17 01:20:43,253     INFO    iter 3 / 99
H1, 2017-07-17 01:20:43,567     INFO    iter 4 / 99
H1, 2017-07-17 01:20:43,873     INFO    iter 5 / 99
H1, 2017-07-17 01:20:44,185     INFO    iter 6 / 99
H1, 2017-07-17 01:20:44,493     INFO    iter 7 / 99
H1, 2017-07-17 01:20:44,805     INFO    iter 8 / 99
H1, 2017-07-17 01:20:45,110     INFO    iter 9 / 99
H1, 2017-07-17 01:20:45,425     INFO    iter 10 / 99
H1, 2017-07-17 01:20:45,721     INFO    iter 11 / 99
H1, 2017-07-17 01:20:46,033     INFO    iter 12 / 99
H1, 2017-07-17 01:20:46,342     INFO    iter 13 / 99
H1, 2017-07-17 01:20:46,645     INFO    iter 14 / 99
H1, 2017-07-17 01:20:46,945     INFO    iter 15 / 99
H1, 2017-07-17 01:20:47,240     INFO    iter 16 / 99
H1, 2017-07-17 01:20:47,524     INFO    iter 17 / 99
H1, 2017-07-17 01:20:47,820     INFO    iter 18 / 99
H1, 2017-07-17 01:20:48,134     INFO    iter 19 / 99
H1, 2017-07-17 01:20:48,456     INFO    iter 20 / 99
H1, 2017-07-17 01:20:48,771     INFO    iter 21 / 99
H1, 2017-07-17 01:20:49,085     INFO    iter 22 / 99
H1, 2017-07-17 01:20:49,381     INFO    iter 23 / 99
H1, 2017-07-17 01:20:49,693     INFO    iter 24 / 99
H1, 2017-07-17 01:20:50,006     INFO    iter 25 / 99
H1, 2017-07-17 01:20:50,317     INFO    iter 26 / 99
H1, 2017-07-17 01:20:50,621     INFO    iter 27 / 99
H1, 2017-07-17 01:20:50,924     INFO    iter 28 / 99
H1, 2017-07-17 01:20:51,228     INFO    iter 29 / 99
H1, 2017-07-17 01:20:51,515     INFO    iter 30 / 99
H1, 2017-07-17 01:20:51,815     INFO    iter 31 / 99
H1, 2017-07-17 01:20:52,116     INFO    iter 32 / 99
H1, 2017-07-17 01:20:52,424     INFO    iter 33 / 99
H1, 2017-07-17 01:20:52,728     INFO    iter 34 / 99
H1, 2017-07-17 01:20:53,030     INFO    iter 35 / 99
H1, 2017-07-17 01:20:53,335     INFO    iter 36 / 99
H1, 2017-07-17 01:20:53,639     INFO    iter 37 / 99
H1, 2017-07-17 01:20:53,945     INFO    iter 38 / 99
H1, 2017-07-17 01:20:54,244     INFO    iter 39 / 99
H1, 2017-07-17 01:20:54,546     INFO    iter 40 / 99
H1, 2017-07-17 01:20:54,848     INFO    iter 41 / 99
H1, 2017-07-17 01:20:55,139     INFO    iter 42 / 99
H1, 2017-07-17 01:20:55,441     INFO    iter 43 / 99
H1, 2017-07-17 01:20:55,749     INFO    iter 44 / 99
H1, 2017-07-17 01:20:56,056     INFO    iter 45 / 99
H1, 2017-07-17 01:20:56,366     INFO    iter 46 / 99
H1, 2017-07-17 01:20:56,697     INFO    iter 47 / 99
H1, 2017-07-17 01:20:57,011     INFO    iter 48 / 99
H1, 2017-07-17 01:20:57,313     INFO    iter 49 / 99
H1, 2017-07-17 01:20:57,616     INFO    iter 50 / 99
H1, 2017-07-17 01:20:57,931     INFO    iter 51 / 99
H1, 2017-07-17 01:20:58,240     INFO    iter 52 / 99
H1, 2017-07-17 01:20:58,546     INFO    iter 53 / 99
H1, 2017-07-17 01:20:58,865     INFO    iter 54 / 99
H1, 2017-07-17 01:20:59,178     INFO    iter 55 / 99
H1, 2017-07-17 01:20:59,482     INFO    iter 56 / 99
H1, 2017-07-17 01:20:59,798     INFO    iter 57 / 99
H1, 2017-07-17 01:21:00,122     INFO    iter 58 / 99
H1, 2017-07-17 01:21:00,418     INFO    iter 59 / 99
H1, 2017-07-17 01:21:00,722     INFO    iter 60 / 99
H1, 2017-07-17 01:21:01,023     INFO    iter 61 / 99
H1, 2017-07-17 01:21:01,334     INFO    iter 62 / 99
H1, 2017-07-17 01:21:01,644     INFO    iter 63 / 99
H1, 2017-07-17 01:21:01,959     INFO    iter 64 / 99
H1, 2017-07-17 01:21:02,267     INFO    iter 65 / 99
H1, 2017-07-17 01:21:02,565     INFO    iter 66 / 99
H1, 2017-07-17 01:21:02,870     INFO    iter 67 / 99
H1, 2017-07-17 01:21:03,182     INFO    iter 68 / 99
H1, 2017-07-17 01:21:03,496     INFO    iter 69 / 99
H1, 2017-07-17 01:21:03,780     INFO    iter 70 / 99
H1, 2017-07-17 01:21:04,090     INFO    iter 71 / 99
H1, 2017-07-17 01:21:04,406     INFO    iter 72 / 99
H1, 2017-07-17 01:21:04,717     INFO    iter 73 / 99
H1, 2017-07-17 01:21:05,018     INFO    iter 74 / 99
H1, 2017-07-17 01:21:05,328     INFO    iter 75 / 99
H1, 2017-07-17 01:21:05,633     INFO    iter 76 / 99
H1, 2017-07-17 01:21:05,938     INFO    iter 77 / 99
H1, 2017-07-17 01:21:06,254     INFO    iter 78 / 99
H1, 2017-07-17 01:21:06,564     INFO    iter 79 / 99
H1, 2017-07-17 01:21:06,881     INFO    iter 80 / 99
H1, 2017-07-17 01:21:07,197     INFO    iter 81 / 99
H1, 2017-07-17 01:21:07,517     INFO    iter 82 / 99
H1, 2017-07-17 01:21:07,825     INFO    iter 83 / 99
H1, 2017-07-17 01:21:08,125     INFO    iter 84 / 99
H1, 2017-07-17 01:21:08,434     INFO    iter 85 / 99
H1, 2017-07-17 01:21:08,745     INFO    iter 86 / 99
H1, 2017-07-17 01:21:09,047     INFO    iter 87 / 99
H1, 2017-07-17 01:21:09,353     INFO    iter 88 / 99
H1, 2017-07-17 01:21:09,658     INFO    iter 89 / 99
H1, 2017-07-17 01:21:09,950     INFO    iter 90 / 99
H1, 2017-07-17 01:21:10,256     INFO    iter 91 / 99
H1, 2017-07-17 01:21:10,571     INFO    iter 92 / 99
H1, 2017-07-17 01:21:10,877     INFO    iter 93 / 99
H1, 2017-07-17 01:21:11,177     INFO    iter 94 / 99
H1, 2017-07-17 01:21:11,466     INFO    iter 95 / 99
H1, 2017-07-17 01:21:11,770     INFO    iter 96 / 99
H1, 2017-07-17 01:21:12,086     INFO    iter 97 / 99
H1, 2017-07-17 01:21:12,405     INFO    iter 98 / 99
H1, 2017-07-17 01:21:12,710     INFO    iter 99 / 99
H1, 2017-07-17 01:21:13,013     INFO  training Adam
H1, 2017-07-17 01:21:13,014     INFO   rounds 1 / 2
H1, 2017-07-17 01:21:13,210     INFO    iter 1 / 99
H1, 2017-07-17 01:21:13,499     INFO    iter 2 / 99
H1, 2017-07-17 01:21:13,809     INFO    iter 3 / 99
H1, 2017-07-17 01:21:14,123     INFO    iter 4 / 99
H1, 2017-07-17 01:21:14,432     INFO    iter 5 / 99
H1, 2017-07-17 01:21:14,739     INFO    iter 6 / 99
H1, 2017-07-17 01:21:15,059     INFO    iter 7 / 99
H1, 2017-07-17 01:21:15,373     INFO    iter 8 / 99
H1, 2017-07-17 01:21:15,679     INFO    iter 9 / 99
H1, 2017-07-17 01:21:15,980     INFO    iter 10 / 99
H1, 2017-07-17 01:21:16,274     INFO    iter 11 / 99
H1, 2017-07-17 01:21:16,580     INFO    iter 12 / 99
H1, 2017-07-17 01:21:16,888     INFO    iter 13 / 99
H1, 2017-07-17 01:21:17,192     INFO    iter 14 / 99
H1, 2017-07-17 01:21:17,496     INFO    iter 15 / 99
H1, 2017-07-17 01:21:17,805     INFO    iter 16 / 99
H1, 2017-07-17 01:21:18,110     INFO    iter 17 / 99
H1, 2017-07-17 01:21:18,418     INFO    iter 18 / 99
H1, 2017-07-17 01:21:18,724     INFO    iter 19 / 99
H1, 2017-07-17 01:21:19,021     INFO    iter 20 / 99
H1, 2017-07-17 01:21:19,330     INFO    iter 21 / 99
H1, 2017-07-17 01:21:19,633     INFO    iter 22 / 99
H1, 2017-07-17 01:21:19,935     INFO    iter 23 / 99
H1, 2017-07-17 01:21:20,229     INFO    iter 24 / 99
H1, 2017-07-17 01:21:20,534     INFO    iter 25 / 99
H1, 2017-07-17 01:21:20,834     INFO    iter 26 / 99
H1, 2017-07-17 01:21:21,146     INFO    iter 27 / 99
H1, 2017-07-17 01:21:21,453     INFO    iter 28 / 99
H1, 2017-07-17 01:21:21,754     INFO    iter 29 / 99
H1, 2017-07-17 01:21:22,056     INFO    iter 30 / 99
H1, 2017-07-17 01:21:22,369     INFO    iter 31 / 99
H1, 2017-07-17 01:21:22,686     INFO    iter 32 / 99
H1, 2017-07-17 01:21:22,990     INFO    iter 33 / 99
H1, 2017-07-17 01:21:23,294     INFO    iter 34 / 99
H1, 2017-07-17 01:21:23,608     INFO    iter 35 / 99
H1, 2017-07-17 01:21:23,904     INFO    iter 36 / 99
H1, 2017-07-17 01:21:24,185     INFO    iter 37 / 99
H1, 2017-07-17 01:21:24,489     INFO    iter 38 / 99
H1, 2017-07-17 01:21:24,813     INFO    iter 39 / 99
H1, 2017-07-17 01:21:25,113     INFO    iter 40 / 99
H1, 2017-07-17 01:21:25,430     INFO    iter 41 / 99
H1, 2017-07-17 01:21:25,740     INFO    iter 42 / 99
H1, 2017-07-17 01:21:26,038     INFO    iter 43 / 99
H1, 2017-07-17 01:21:26,348     INFO    iter 44 / 99
H1, 2017-07-17 01:21:26,646     INFO    iter 45 / 99
H1, 2017-07-17 01:21:26,940     INFO    iter 46 / 99
H1, 2017-07-17 01:21:27,240     INFO    iter 47 / 99
H1, 2017-07-17 01:21:27,537     INFO    iter 48 / 99
H1, 2017-07-17 01:21:27,831     INFO    iter 49 / 99
H1, 2017-07-17 01:21:28,122     INFO    iter 50 / 99
H1, 2017-07-17 01:21:28,435     INFO    iter 51 / 99
H1, 2017-07-17 01:21:28,731     INFO    iter 52 / 99
H1, 2017-07-17 01:21:29,021     INFO    iter 53 / 99
H1, 2017-07-17 01:21:29,332     INFO    iter 54 / 99
H1, 2017-07-17 01:21:29,638     INFO    iter 55 / 99
H1, 2017-07-17 01:21:29,938     INFO    iter 56 / 99
H1, 2017-07-17 01:21:30,229     INFO    iter 57 / 99
H1, 2017-07-17 01:21:30,539     INFO    iter 58 / 99
H1, 2017-07-17 01:21:30,846     INFO    iter 59 / 99
H1, 2017-07-17 01:21:31,167     INFO    iter 60 / 99
H1, 2017-07-17 01:21:31,481     INFO    iter 61 / 99
H1, 2017-07-17 01:21:31,788     INFO    iter 62 / 99
H1, 2017-07-17 01:21:32,102     INFO    iter 63 / 99
H1, 2017-07-17 01:21:32,408     INFO    iter 64 / 99
H1, 2017-07-17 01:21:32,713     INFO    iter 65 / 99
H1, 2017-07-17 01:21:33,022     INFO    iter 66 / 99
H1, 2017-07-17 01:21:33,329     INFO    iter 67 / 99
H1, 2017-07-17 01:21:33,633     INFO    iter 68 / 99
H1, 2017-07-17 01:21:33,944     INFO    iter 69 / 99
H1, 2017-07-17 01:21:34,235     INFO    iter 70 / 99
H1, 2017-07-17 01:21:34,528     INFO    iter 71 / 99
H1, 2017-07-17 01:21:34,832     INFO    iter 72 / 99
H1, 2017-07-17 01:21:35,133     INFO    iter 73 / 99
H1, 2017-07-17 01:21:35,454     INFO    iter 74 / 99
H1, 2017-07-17 01:21:35,758     INFO    iter 75 / 99
H1, 2017-07-17 01:21:36,054     INFO    iter 76 / 99
H1, 2017-07-17 01:21:36,361     INFO    iter 77 / 99
H1, 2017-07-17 01:21:36,669     INFO    iter 78 / 99
H1, 2017-07-17 01:21:36,981     INFO    iter 79 / 99
H1, 2017-07-17 01:21:37,284     INFO    iter 80 / 99
H1, 2017-07-17 01:21:37,593     INFO    iter 81 / 99
H1, 2017-07-17 01:21:37,887     INFO    iter 82 / 99
H1, 2017-07-17 01:21:38,192     INFO    iter 83 / 99
H1, 2017-07-17 01:21:38,492     INFO    iter 84 / 99
H1, 2017-07-17 01:21:38,782     INFO    iter 85 / 99
H1, 2017-07-17 01:21:39,072     INFO    iter 86 / 99
H1, 2017-07-17 01:21:39,366     INFO    iter 87 / 99
H1, 2017-07-17 01:21:39,671     INFO    iter 88 / 99
H1, 2017-07-17 01:21:39,970     INFO    iter 89 / 99
H1, 2017-07-17 01:21:40,281     INFO    iter 90 / 99
H1, 2017-07-17 01:21:40,590     INFO    iter 91 / 99
H1, 2017-07-17 01:21:40,896     INFO    iter 92 / 99
H1, 2017-07-17 01:21:41,206     INFO    iter 93 / 99
H1, 2017-07-17 01:21:41,512     INFO    iter 94 / 99
H1, 2017-07-17 01:21:41,798     INFO    iter 95 / 99
H1, 2017-07-17 01:21:42,108     INFO    iter 96 / 99
H1, 2017-07-17 01:21:42,422     INFO    iter 97 / 99
H1, 2017-07-17 01:21:42,730     INFO    iter 98 / 99
H1, 2017-07-17 01:21:43,042     INFO    iter 99 / 99
H1, 2017-07-17 01:21:43,355     INFO   rounds 2 / 2
H1, 2017-07-17 01:21:43,567     INFO    iter 1 / 99
H1, 2017-07-17 01:21:43,861     INFO    iter 2 / 99
H1, 2017-07-17 01:21:44,172     INFO    iter 3 / 99
H1, 2017-07-17 01:21:44,473     INFO    iter 4 / 99
H1, 2017-07-17 01:21:44,772     INFO    iter 5 / 99
H1, 2017-07-17 01:21:45,055     INFO    iter 6 / 99
H1, 2017-07-17 01:21:45,349     INFO    iter 7 / 99
H1, 2017-07-17 01:21:45,659     INFO    iter 8 / 99
H1, 2017-07-17 01:21:45,959     INFO    iter 9 / 99
H1, 2017-07-17 01:21:46,256     INFO    iter 10 / 99
H1, 2017-07-17 01:21:46,556     INFO    iter 11 / 99
H1, 2017-07-17 01:21:46,860     INFO    iter 12 / 99
H1, 2017-07-17 01:21:47,149     INFO    iter 13 / 99
H1, 2017-07-17 01:21:47,453     INFO    iter 14 / 99
H1, 2017-07-17 01:21:47,763     INFO    iter 15 / 99
H1, 2017-07-17 01:21:48,060     INFO    iter 16 / 99
H1, 2017-07-17 01:21:48,350     INFO    iter 17 / 99
H1, 2017-07-17 01:21:48,657     INFO    iter 18 / 99
H1, 2017-07-17 01:21:48,959     INFO    iter 19 / 99
H1, 2017-07-17 01:21:49,242     INFO    iter 20 / 99
H1, 2017-07-17 01:21:49,545     INFO    iter 21 / 99
H1, 2017-07-17 01:21:49,852     INFO    iter 22 / 99
H1, 2017-07-17 01:21:50,158     INFO    iter 23 / 99
H1, 2017-07-17 01:21:50,445     INFO    iter 24 / 99
H1, 2017-07-17 01:21:50,747     INFO    iter 25 / 99
H1, 2017-07-17 01:21:51,042     INFO    iter 26 / 99
H1, 2017-07-17 01:21:51,349     INFO    iter 27 / 99
H1, 2017-07-17 01:21:51,669     INFO    iter 28 / 99
H1, 2017-07-17 01:21:51,984     INFO    iter 29 / 99
H1, 2017-07-17 01:21:52,305     INFO    iter 30 / 99
H1, 2017-07-17 01:21:52,607     INFO    iter 31 / 99
H1, 2017-07-17 01:21:52,901     INFO    iter 32 / 99
H1, 2017-07-17 01:21:53,217     INFO    iter 33 / 99
H1, 2017-07-17 01:21:53,518     INFO    iter 34 / 99
H1, 2017-07-17 01:21:53,824     INFO    iter 35 / 99
H1, 2017-07-17 01:21:54,125     INFO    iter 36 / 99
H1, 2017-07-17 01:21:54,430     INFO    iter 37 / 99
H1, 2017-07-17 01:21:54,737     INFO    iter 38 / 99
H1, 2017-07-17 01:21:55,029     INFO    iter 39 / 99
H1, 2017-07-17 01:21:55,335     INFO    iter 40 / 99
H1, 2017-07-17 01:21:55,654     INFO    iter 41 / 99
H1, 2017-07-17 01:21:55,961     INFO    iter 42 / 99
H1, 2017-07-17 01:21:56,262     INFO    iter 43 / 99
H1, 2017-07-17 01:21:56,573     INFO    iter 44 / 99
H1, 2017-07-17 01:21:56,897     INFO    iter 45 / 99
H1, 2017-07-17 01:21:57,195     INFO    iter 46 / 99
H1, 2017-07-17 01:21:57,492     INFO    iter 47 / 99
H1, 2017-07-17 01:21:57,794     INFO    iter 48 / 99
H1, 2017-07-17 01:21:58,097     INFO    iter 49 / 99
H1, 2017-07-17 01:21:58,401     INFO    iter 50 / 99
H1, 2017-07-17 01:21:58,714     INFO    iter 51 / 99
H1, 2017-07-17 01:21:59,010     INFO    iter 52 / 99
H1, 2017-07-17 01:21:59,308     INFO    iter 53 / 99
H1, 2017-07-17 01:21:59,598     INFO    iter 54 / 99
H1, 2017-07-17 01:21:59,899     INFO    iter 55 / 99
H1, 2017-07-17 01:22:00,192     INFO    iter 56 / 99
H1, 2017-07-17 01:22:00,478     INFO    iter 57 / 99
H1, 2017-07-17 01:22:00,771     INFO    iter 58 / 99
H1, 2017-07-17 01:22:01,055     INFO    iter 59 / 99
H1, 2017-07-17 01:22:01,340     INFO    iter 60 / 99
H1, 2017-07-17 01:22:01,626     INFO    iter 61 / 99
H1, 2017-07-17 01:22:01,941     INFO    iter 62 / 99
H1, 2017-07-17 01:22:02,249     INFO    iter 63 / 99
H1, 2017-07-17 01:22:02,554     INFO    iter 64 / 99
H1, 2017-07-17 01:22:02,869     INFO    iter 65 / 99
H1, 2017-07-17 01:22:03,169     INFO    iter 66 / 99
H1, 2017-07-17 01:22:03,482     INFO    iter 67 / 99
H1, 2017-07-17 01:22:03,796     INFO    iter 68 / 99
H1, 2017-07-17 01:22:04,092     INFO    iter 69 / 99
H1, 2017-07-17 01:22:04,396     INFO    iter 70 / 99
H1, 2017-07-17 01:22:04,696     INFO    iter 71 / 99
H1, 2017-07-17 01:22:05,013     INFO    iter 72 / 99
H1, 2017-07-17 01:22:05,312     INFO    iter 73 / 99
H1, 2017-07-17 01:22:05,620     INFO    iter 74 / 99
H1, 2017-07-17 01:22:05,928     INFO    iter 75 / 99
H1, 2017-07-17 01:22:06,225     INFO    iter 76 / 99
H1, 2017-07-17 01:22:06,527     INFO    iter 77 / 99
H1, 2017-07-17 01:22:06,832     INFO    iter 78 / 99
H1, 2017-07-17 01:22:07,144     INFO    iter 79 / 99
H1, 2017-07-17 01:22:07,456     INFO    iter 80 / 99
H1, 2017-07-17 01:22:07,749     INFO    iter 81 / 99
H1, 2017-07-17 01:22:08,054     INFO    iter 82 / 99
H1, 2017-07-17 01:22:08,354     INFO    iter 83 / 99
H1, 2017-07-17 01:22:08,648     INFO    iter 84 / 99
H1, 2017-07-17 01:22:08,944     INFO    iter 85 / 99
H1, 2017-07-17 01:22:09,244     INFO    iter 86 / 99
H1, 2017-07-17 01:22:09,558     INFO    iter 87 / 99
H1, 2017-07-17 01:22:09,869     INFO    iter 88 / 99
H1, 2017-07-17 01:22:10,169     INFO    iter 89 / 99
H1, 2017-07-17 01:22:10,474     INFO    iter 90 / 99
H1, 2017-07-17 01:22:10,789     INFO    iter 91 / 99
H1, 2017-07-17 01:22:11,097     INFO    iter 92 / 99
H1, 2017-07-17 01:22:11,384     INFO    iter 93 / 99
H1, 2017-07-17 01:22:11,690     INFO    iter 94 / 99
H1, 2017-07-17 01:22:11,996     INFO    iter 95 / 99
H1, 2017-07-17 01:22:12,314     INFO    iter 96 / 99
H1, 2017-07-17 01:22:12,622     INFO    iter 97 / 99
H1, 2017-07-17 01:22:12,921     INFO    iter 98 / 99
H1, 2017-07-17 01:22:13,226     INFO    iter 99 / 99
H1, 2017-07-17 01:22:13,536     INFO  training AdaDelta
H1, 2017-07-17 01:22:13,537     INFO   rounds 1 / 2
H1, 2017-07-17 01:22:13,755     INFO    iter 1 / 99
H1, 2017-07-17 01:22:14,056     INFO    iter 2 / 99
H1, 2017-07-17 01:22:14,368     INFO    iter 3 / 99
H1, 2017-07-17 01:22:14,667     INFO    iter 4 / 99
H1, 2017-07-17 01:22:14,979     INFO    iter 5 / 99
H1, 2017-07-17 01:22:15,286     INFO    iter 6 / 99
H1, 2017-07-17 01:22:15,584     INFO    iter 7 / 99
H1, 2017-07-17 01:22:15,891     INFO    iter 8 / 99
H1, 2017-07-17 01:22:16,184     INFO    iter 9 / 99
H1, 2017-07-17 01:22:16,486     INFO    iter 10 / 99
H1, 2017-07-17 01:22:16,781     INFO    iter 11 / 99
H1, 2017-07-17 01:22:17,089     INFO    iter 12 / 99
H1, 2017-07-17 01:22:17,411     INFO    iter 13 / 99
H1, 2017-07-17 01:22:17,707     INFO    iter 14 / 99
H1, 2017-07-17 01:22:18,020     INFO    iter 15 / 99
H1, 2017-07-17 01:22:18,333     INFO    iter 16 / 99
H1, 2017-07-17 01:22:18,638     INFO    iter 17 / 99
H1, 2017-07-17 01:22:18,953     INFO    iter 18 / 99
H1, 2017-07-17 01:22:19,253     INFO    iter 19 / 99
H1, 2017-07-17 01:22:19,564     INFO    iter 20 / 99
H1, 2017-07-17 01:22:19,855     INFO    iter 21 / 99
H1, 2017-07-17 01:22:20,144     INFO    iter 22 / 99
H1, 2017-07-17 01:22:20,435     INFO    iter 23 / 99
H1, 2017-07-17 01:22:20,739     INFO    iter 24 / 99
H1, 2017-07-17 01:22:21,036     INFO    iter 25 / 99
H1, 2017-07-17 01:22:21,330     INFO    iter 26 / 99
H1, 2017-07-17 01:22:21,636     INFO    iter 27 / 99
H1, 2017-07-17 01:22:21,928     INFO    iter 28 / 99
H1, 2017-07-17 01:22:22,225     INFO    iter 29 / 99
H1, 2017-07-17 01:22:22,539     INFO    iter 30 / 99
H1, 2017-07-17 01:22:22,845     INFO    iter 31 / 99
H1, 2017-07-17 01:22:23,139     INFO    iter 32 / 99
H1, 2017-07-17 01:22:23,424     INFO    iter 33 / 99
H1, 2017-07-17 01:22:23,725     INFO    iter 34 / 99
H1, 2017-07-17 01:22:24,031     INFO    iter 35 / 99
H1, 2017-07-17 01:22:24,328     INFO    iter 36 / 99
H1, 2017-07-17 01:22:24,643     INFO    iter 37 / 99
H1, 2017-07-17 01:22:24,951     INFO    iter 38 / 99
H1, 2017-07-17 01:22:25,252     INFO    iter 39 / 99
H1, 2017-07-17 01:22:25,559     INFO    iter 40 / 99
H1, 2017-07-17 01:22:25,870     INFO    iter 41 / 99
H1, 2017-07-17 01:22:26,172     INFO    iter 42 / 99
H1, 2017-07-17 01:22:26,470     INFO    iter 43 / 99
H1, 2017-07-17 01:22:26,768     INFO    iter 44 / 99
H1, 2017-07-17 01:22:27,089     INFO    iter 45 / 99
H1, 2017-07-17 01:22:27,395     INFO    iter 46 / 99
H1, 2017-07-17 01:22:27,692     INFO    iter 47 / 99
H1, 2017-07-17 01:22:27,988     INFO    iter 48 / 99
H1, 2017-07-17 01:22:28,287     INFO    iter 49 / 99
H1, 2017-07-17 01:22:28,591     INFO    iter 50 / 99
H1, 2017-07-17 01:22:28,915     INFO    iter 51 / 99
H1, 2017-07-17 01:22:29,222     INFO    iter 52 / 99
H1, 2017-07-17 01:22:29,522     INFO    iter 53 / 99
H1, 2017-07-17 01:22:29,813     INFO    iter 54 / 99
H1, 2017-07-17 01:22:30,114     INFO    iter 55 / 99
H1, 2017-07-17 01:22:30,404     INFO    iter 56 / 99
H1, 2017-07-17 01:22:30,693     INFO    iter 57 / 99
H1, 2017-07-17 01:22:30,996     INFO    iter 58 / 99
H1, 2017-07-17 01:22:31,300     INFO    iter 59 / 99
H1, 2017-07-17 01:22:31,595     INFO    iter 60 / 99
H1, 2017-07-17 01:22:31,903     INFO    iter 61 / 99
H1, 2017-07-17 01:22:32,208     INFO    iter 62 / 99
H1, 2017-07-17 01:22:32,513     INFO    iter 63 / 99
H1, 2017-07-17 01:22:32,793     INFO    iter 64 / 99
H1, 2017-07-17 01:22:33,100     INFO    iter 65 / 99
H1, 2017-07-17 01:22:33,389     INFO    iter 66 / 99
H1, 2017-07-17 01:22:33,681     INFO    iter 67 / 99
H1, 2017-07-17 01:22:34,000     INFO    iter 68 / 99
H1, 2017-07-17 01:22:34,317     INFO    iter 69 / 99
H1, 2017-07-17 01:22:34,636     INFO    iter 70 / 99
H1, 2017-07-17 01:22:34,941     INFO    iter 71 / 99
H1, 2017-07-17 01:22:35,252     INFO    iter 72 / 99
H1, 2017-07-17 01:22:35,545     INFO    iter 73 / 99
H1, 2017-07-17 01:22:35,841     INFO    iter 74 / 99
H1, 2017-07-17 01:22:36,142     INFO    iter 75 / 99
H1, 2017-07-17 01:22:36,442     INFO    iter 76 / 99
H1, 2017-07-17 01:22:36,743     INFO    iter 77 / 99
H1, 2017-07-17 01:22:37,063     INFO    iter 78 / 99
H1, 2017-07-17 01:22:37,353     INFO    iter 79 / 99
H1, 2017-07-17 01:22:37,657     INFO    iter 80 / 99
H1, 2017-07-17 01:22:37,957     INFO    iter 81 / 99
H1, 2017-07-17 01:22:38,256     INFO    iter 82 / 99
H1, 2017-07-17 01:22:38,553     INFO    iter 83 / 99
H1, 2017-07-17 01:22:38,859     INFO    iter 84 / 99
H1, 2017-07-17 01:22:39,166     INFO    iter 85 / 99
H1, 2017-07-17 01:22:39,476     INFO    iter 86 / 99
H1, 2017-07-17 01:22:39,786     INFO    iter 87 / 99
H1, 2017-07-17 01:22:40,075     INFO    iter 88 / 99
H1, 2017-07-17 01:22:40,362     INFO    iter 89 / 99
H1, 2017-07-17 01:22:40,644     INFO    iter 90 / 99
H1, 2017-07-17 01:22:40,930     INFO    iter 91 / 99
H1, 2017-07-17 01:22:41,213     INFO    iter 92 / 99
H1, 2017-07-17 01:22:41,520     INFO    iter 93 / 99
H1, 2017-07-17 01:22:41,829     INFO    iter 94 / 99
H1, 2017-07-17 01:22:42,137     INFO    iter 95 / 99
H1, 2017-07-17 01:22:42,444     INFO    iter 96 / 99
H1, 2017-07-17 01:22:42,734     INFO    iter 97 / 99
H1, 2017-07-17 01:22:43,028     INFO    iter 98 / 99
H1, 2017-07-17 01:22:43,332     INFO    iter 99 / 99
H1, 2017-07-17 01:22:43,619     INFO   rounds 2 / 2
H1, 2017-07-17 01:22:43,824     INFO    iter 1 / 99
H1, 2017-07-17 01:22:44,116     INFO    iter 2 / 99
H1, 2017-07-17 01:22:44,424     INFO    iter 3 / 99
H1, 2017-07-17 01:22:44,719     INFO    iter 4 / 99
H1, 2017-07-17 01:22:45,001     INFO    iter 5 / 99
H1, 2017-07-17 01:22:45,313     INFO    iter 6 / 99
H1, 2017-07-17 01:22:45,616     INFO    iter 7 / 99
H1, 2017-07-17 01:22:45,921     INFO    iter 8 / 99
H1, 2017-07-17 01:22:46,217     INFO    iter 9 / 99
H1, 2017-07-17 01:22:46,525     INFO    iter 10 / 99
H1, 2017-07-17 01:22:46,827     INFO    iter 11 / 99
H1, 2017-07-17 01:22:47,122     INFO    iter 12 / 99
H1, 2017-07-17 01:22:47,422     INFO    iter 13 / 99
H1, 2017-07-17 01:22:47,725     INFO    iter 14 / 99
H1, 2017-07-17 01:22:48,019     INFO    iter 15 / 99
H1, 2017-07-17 01:22:48,322     INFO    iter 16 / 99
H1, 2017-07-17 01:22:48,615     INFO    iter 17 / 99
H1, 2017-07-17 01:22:48,916     INFO    iter 18 / 99
H1, 2017-07-17 01:22:49,230     INFO    iter 19 / 99
H1, 2017-07-17 01:22:49,540     INFO    iter 20 / 99
H1, 2017-07-17 01:22:49,840     INFO    iter 21 / 99
H1, 2017-07-17 01:22:50,142     INFO    iter 22 / 99
H1, 2017-07-17 01:22:50,444     INFO    iter 23 / 99
H1, 2017-07-17 01:22:50,740     INFO    iter 24 / 99
H1, 2017-07-17 01:22:51,037     INFO    iter 25 / 99
H1, 2017-07-17 01:22:51,337     INFO    iter 26 / 99
H1, 2017-07-17 01:22:51,651     INFO    iter 27 / 99
H1, 2017-07-17 01:22:51,954     INFO    iter 28 / 99
H1, 2017-07-17 01:22:52,258     INFO    iter 29 / 99
H1, 2017-07-17 01:22:52,565     INFO    iter 30 / 99
H1, 2017-07-17 01:22:52,870     INFO    iter 31 / 99
H1, 2017-07-17 01:22:53,176     INFO    iter 32 / 99
H1, 2017-07-17 01:22:53,474     INFO    iter 33 / 99
H1, 2017-07-17 01:22:53,786     INFO    iter 34 / 99
H1, 2017-07-17 01:22:54,073     INFO    iter 35 / 99
H1, 2017-07-17 01:22:54,375     INFO    iter 36 / 99
H1, 2017-07-17 01:22:54,694     INFO    iter 37 / 99
H1, 2017-07-17 01:22:54,981     INFO    iter 38 / 99
H1, 2017-07-17 01:22:55,298     INFO    iter 39 / 99
H1, 2017-07-17 01:22:55,605     INFO    iter 40 / 99
H1, 2017-07-17 01:22:55,917     INFO    iter 41 / 99
H1, 2017-07-17 01:22:56,225     INFO    iter 42 / 99
H1, 2017-07-17 01:22:56,510     INFO    iter 43 / 99
H1, 2017-07-17 01:22:56,813     INFO    iter 44 / 99
H1, 2017-07-17 01:22:57,114     INFO    iter 45 / 99
H1, 2017-07-17 01:22:57,397     INFO    iter 46 / 99
H1, 2017-07-17 01:22:57,697     INFO    iter 47 / 99
H1, 2017-07-17 01:22:57,998     INFO    iter 48 / 99
H1, 2017-07-17 01:22:58,299     INFO    iter 49 / 99
H1, 2017-07-17 01:22:58,604     INFO    iter 50 / 99
H1, 2017-07-17 01:22:58,912     INFO    iter 51 / 99
H1, 2017-07-17 01:22:59,193     INFO    iter 52 / 99
H1, 2017-07-17 01:22:59,485     INFO    iter 53 / 99
H1, 2017-07-17 01:22:59,789     INFO    iter 54 / 99
H1, 2017-07-17 01:23:00,081     INFO    iter 55 / 99
H1, 2017-07-17 01:23:00,396     INFO    iter 56 / 99
H1, 2017-07-17 01:23:00,690     INFO    iter 57 / 99
H1, 2017-07-17 01:23:01,003     INFO    iter 58 / 99
H1, 2017-07-17 01:23:01,327     INFO    iter 59 / 99
H1, 2017-07-17 01:23:01,652     INFO    iter 60 / 99
H1, 2017-07-17 01:23:01,947     INFO    iter 61 / 99
H1, 2017-07-17 01:23:02,249     INFO    iter 62 / 99
H1, 2017-07-17 01:23:02,558     INFO    iter 63 / 99
H1, 2017-07-17 01:23:02,868     INFO    iter 64 / 99
H1, 2017-07-17 01:23:03,172     INFO    iter 65 / 99
H1, 2017-07-17 01:23:03,472     INFO    iter 66 / 99
H1, 2017-07-17 01:23:03,870     INFO    iter 67 / 99
H1, 2017-07-17 01:23:04,193     INFO    iter 68 / 99
H1, 2017-07-17 01:23:04,500     INFO    iter 69 / 99
H1, 2017-07-17 01:23:04,796     INFO    iter 70 / 99
H1, 2017-07-17 01:23:05,088     INFO    iter 71 / 99
H1, 2017-07-17 01:23:05,398     INFO    iter 72 / 99
H1, 2017-07-17 01:23:05,702     INFO    iter 73 / 99
H1, 2017-07-17 01:23:06,032     INFO    iter 74 / 99
H1, 2017-07-17 01:23:06,341     INFO    iter 75 / 99
H1, 2017-07-17 01:23:06,638     INFO    iter 76 / 99
H1, 2017-07-17 01:23:06,945     INFO    iter 77 / 99
H1, 2017-07-17 01:23:07,244     INFO    iter 78 / 99
H1, 2017-07-17 01:23:07,558     INFO    iter 79 / 99
H1, 2017-07-17 01:23:07,867     INFO    iter 80 / 99
H1, 2017-07-17 01:23:08,164     INFO    iter 81 / 99
H1, 2017-07-17 01:23:08,454     INFO    iter 82 / 99
H1, 2017-07-17 01:23:08,766     INFO    iter 83 / 99
H1, 2017-07-17 01:23:09,066     INFO    iter 84 / 99
H1, 2017-07-17 01:23:09,364     INFO    iter 85 / 99
H1, 2017-07-17 01:23:09,672     INFO    iter 86 / 99
H1, 2017-07-17 01:23:09,981     INFO    iter 87 / 99
H1, 2017-07-17 01:23:10,291     INFO    iter 88 / 99
H1, 2017-07-17 01:23:10,605     INFO    iter 89 / 99
H1, 2017-07-17 01:23:10,906     INFO    iter 90 / 99
H1, 2017-07-17 01:23:11,226     INFO    iter 91 / 99
H1, 2017-07-17 01:23:11,549     INFO    iter 92 / 99
H1, 2017-07-17 01:23:11,852     INFO    iter 93 / 99
H1, 2017-07-17 01:23:12,161     INFO    iter 94 / 99
H1, 2017-07-17 01:23:12,470     INFO    iter 95 / 99
H1, 2017-07-17 01:23:12,770     INFO    iter 96 / 99
H1, 2017-07-17 01:23:13,059     INFO    iter 97 / 99
H1, 2017-07-17 01:23:13,372     INFO    iter 98 / 99
H1, 2017-07-17 01:23:13,669     INFO    iter 99 / 99
H1, 2017-07-17 01:23:13,981     INFO  save data
